2023-11-26T18:14:50.035Z [logs] error: GET en /ecommerce/home/login
2023-11-26T18:16:22.012Z [logs] error: GET en /ecommerce/home/login
2023-11-26T18:16:22.124Z [logs] http: hubo error
2023-11-26T18:16:23.985Z [logs] error: GET en /ecommerce/home/login
2023-11-26T18:16:24.088Z [logs] http: hubo error
2023-11-26T18:20:16.217Z [logs] error: GET en /ecommerce/home/login
2023-11-26T18:20:16.319Z [logs] http: hubo error
2023-11-26T18:23:47.281Z [logs] error: POST en /ecommerce/user/login_passport
2023-11-26T18:23:47.785Z [logs] info: Usuario hizo login: davidferere@gmail.com
2023-11-26T18:23:47.795Z [logs] error: GET en /ecommerce/user/user
2023-11-26T18:25:24.492Z [logs] info: GET en /ecommerce/home/logout?
2023-11-26T18:25:24.587Z [logs] info: GET en /ecommerce/home/login
2023-11-26T18:25:25.119Z [logs] info: Ingreso a pagino de Login
2023-11-26T18:25:34.051Z [logs] info: POST en /ecommerce/user/login_passport
2023-11-26T18:25:34.488Z [logs] info: Usuario hizo login: davidferere@gmail.com
2023-11-26T18:25:34.491Z [logs] info: Ingreso usuario administrador
2023-11-26T18:25:34.496Z [logs] info: GET en /ecommerce/user/user
2023-11-26T18:29:44.835Z [logs] info: GET en /ecommerce/home/logout?
2023-11-26T18:29:44.935Z [logs] info: Usuario hizo logout: undefined
2023-11-26T18:29:44.947Z [logs] info: GET en /ecommerce/home/login
2023-11-26T18:29:45.765Z [logs] info: Ingreso a pagino de Login
2023-11-26T18:30:53.275Z [logs] info: POST en /ecommerce/user/login_passport
2023-11-26T18:30:53.836Z [logs] info: Usuario hizo login: davidferere@gmail.com
2023-11-26T18:30:53.838Z [logs] info: Ingreso usuario
2023-11-26T18:30:53.844Z [logs] info: GET en /ecommerce/user/user
2023-11-26T18:30:56.048Z [logs] info: GET en /ecommerce/home/logout?
2023-11-26T18:30:56.318Z [logs] info: Usuario hizo logout: davidferere@gmail.com
2023-11-26T18:30:56.322Z [logs] info: GET en /ecommerce/home/login
2023-11-26T18:30:56.449Z [logs] info: Ingreso a pagino de Login
2023-11-26T18:34:49.154Z [logs] info: POST en /ecommerce/user/login_passport
2023-11-26T18:34:49.406Z [logs] info: GET en /api/sessions/failurelogin
2023-11-26T18:34:49.521Z [logs] error: Fallo login del usuario: undefined
2023-11-26T18:35:32.585Z [logs] info: GET en /api/sessions/failurelogin
2023-11-26T18:35:32.690Z [logs] error: Fallo login del usuario: undefined
2023-11-26T18:35:49.757Z [logs] info: GET en /ecommerce/home/login
2023-11-26T18:35:49.861Z [logs] info: Ingreso a pagino de Login
2023-11-26T19:02:58.673Z [logs] info: GET en /ecommerce/home/login
2023-11-26T19:02:58.838Z [logs] info: Ingreso a pagina de Login
2023-11-26T19:03:04.819Z [logs] info: POST en /ecommerce/user/login_passport
2023-11-26T19:03:05.460Z [logs] info: Usuario hizo login: adminCoder@coder.com
2023-11-26T19:03:05.464Z [logs] info: Ingreso usuario administrador
2023-11-26T19:03:05.469Z [logs] info: GET en /ecommerce/user/admin
2023-11-26T19:03:29.115Z [logs] info: GET en /ecommerce/home/logout?
2023-11-26T19:03:29.905Z [logs] info: Usuario hizo logout: undefined
2023-11-26T19:03:29.913Z [logs] info: GET en /ecommerce/home/login
2023-11-26T19:03:30.965Z [logs] info: Ingreso a pagina de Login
2023-11-26T19:03:31.821Z [logs] info: GET en /ecommerce/home/login
2023-11-26T19:03:32.061Z [logs] info: Ingreso a pagina de Login
2023-11-26T19:03:37.901Z [logs] info: POST en /ecommerce/user/login_passport
2023-11-26T19:03:38.608Z [logs] info: Usuario hizo login: adminCoder@coder.com
2023-11-26T19:03:38.610Z [logs] info: Ingreso usuario administrador
2023-11-26T19:03:38.614Z [logs] info: GET en /ecommerce/user/admin
2023-11-26T19:05:10.622Z [logs] info: GET en /mongo/products/management?
2023-11-26T19:36:55.715Z [logs] info: GET en /ecommerce/home/logout?
2023-11-26T19:36:56.256Z [logs] info: Usuario hizo logout: undefined
2023-11-26T19:36:56.265Z [logs] info: GET en /ecommerce/home/login
2023-11-26T19:36:56.821Z [logs] info: Ingreso a pagina de Login
2023-11-26T21:04:09.020Z [logs] info: GET en /ecommerce/home/login
2023-11-26T21:04:09.201Z [logs] info: Ingreso a pagina de Login
2023-11-26T21:04:17.527Z [logs] info: POST en /ecommerce/user/login_passport
2023-11-26T21:04:18.254Z [logs] info: Usuario hizo login: adminCoder@coder.com
2023-11-26T21:04:18.258Z [logs] info: Ingreso usuario administrador
2023-11-26T21:04:18.264Z [logs] info: GET en /ecommerce/user/admin
2023-11-26T21:04:21.776Z [logs] info: GET en /loggerTest?
2023-11-26T21:04:22.065Z [logs] debug: 
2023-11-26T21:04:22.066Z [logs] http: 
2023-11-26T21:04:22.067Z [logs] info: 
2023-11-26T21:04:22.067Z [logs] warning: 
2023-11-26T21:04:22.068Z [logs] error: 
2023-11-26T21:04:22.068Z [logs] fatal: 
2023-11-26T21:08:36.811Z [logs] info: GET en /ecommerce/home/logout?
2023-11-26T21:08:36.982Z [logs] info: Usuario hizo logout: undefined
2023-11-26T21:08:36.992Z [logs] info: GET en /ecommerce/home/login
2023-11-26T21:08:37.865Z [logs] info: Ingreso a pagina de Login
2023-11-26T21:08:50.342Z [logs] info: POST en /ecommerce/user/login_passport
2023-11-26T21:08:50.961Z [logs] info: Usuario hizo login: adminCoder@coder.com
2023-11-26T21:08:50.964Z [logs] info: Ingreso usuario administrador
2023-11-26T21:08:50.969Z [logs] info: GET en /ecommerce/user/admin
2023-11-26T21:08:54.264Z [logs] info: GET en /loggerTest?
2023-11-26T21:08:54.572Z [logs] debug: 
2023-11-26T21:08:54.573Z [logs] http: 
2023-11-26T21:08:54.573Z [logs] info: 
2023-11-26T21:08:54.573Z [logs] warning: 
2023-11-26T21:08:54.574Z [logs] error: 
2023-11-26T21:08:54.574Z [logs] fatal: 
2023-11-26T21:09:47.778Z [logs] info: GET en /ecommerce/home/logout?
2023-11-26T21:09:47.913Z [logs] info: Usuario hizo logout: undefined
2023-11-26T21:09:47.924Z [logs] info: GET en /ecommerce/home/login
2023-11-26T21:09:48.808Z [logs] info: Ingreso a pagina de Login
2023-11-26T21:09:56.492Z [logs] info: POST en /ecommerce/user/login_passport
2023-11-26T21:09:57.080Z [logs] info: Usuario hizo login: adminCoder@coder.com
2023-11-26T21:09:57.083Z [logs] info: Ingreso usuario administrador
2023-11-26T21:09:57.090Z [logs] info: GET en /ecommerce/user/admin
2023-11-26T21:09:59.280Z [logs] info: GET en /loggerTest?
2023-11-26T21:09:59.597Z [logs] debug: 
2023-11-26T21:09:59.597Z [logs] http: 
2023-11-26T21:09:59.598Z [logs] info: 
2023-11-26T21:09:59.598Z [logs] warning: 
2023-11-26T21:09:59.598Z [logs] error: 
2023-11-26T21:09:59.599Z [logs] fatal: 
2023-11-26T21:11:02.822Z [logs] info: GET en /ecommerce/home/logout?
2023-11-26T21:11:02.990Z [logs] info: Usuario hizo logout: undefined
2023-11-26T21:11:03.000Z [logs] info: GET en /ecommerce/home/login
2023-11-26T21:11:03.830Z [logs] info: Ingreso a pagina de Login
2023-11-26T21:11:08.698Z [logs] info: POST en /ecommerce/user/login_passport
2023-11-26T21:11:09.386Z [logs] info: Usuario hizo login: adminCoder@coder.com
2023-11-26T21:11:09.388Z [logs] info: Ingreso usuario administrador
2023-11-26T21:11:09.395Z [logs] info: GET en /ecommerce/user/admin
2023-11-26T21:11:10.547Z [logs] info: GET en /loggerTest?
2023-11-26T21:11:10.823Z [logs] debug: 
2023-11-26T21:11:10.824Z [logs] http: 
2023-11-26T21:11:10.824Z [logs] info: 
2023-11-26T21:11:10.825Z [logs] warning: 
2023-11-26T21:11:10.825Z [logs] error: 
2023-11-26T21:11:10.825Z [logs] fatal: 
2023-11-26T21:13:23.616Z [logs] info: GET en /ecommerce/home/logout?
2023-11-26T21:13:24.232Z [logs] info: Usuario hizo logout: undefined
2023-11-26T21:13:24.242Z [logs] info: GET en /ecommerce/home/login
2023-11-26T21:13:25.197Z [logs] info: Ingreso a pagina de Login
2023-11-26T21:13:29.952Z [logs] info: POST en /ecommerce/user/login_passport
2023-11-26T21:13:30.548Z [logs] info: Usuario hizo login: adminCoder@coder.com
2023-11-26T21:13:30.551Z [logs] info: Ingreso usuario administrador
2023-11-26T21:13:30.555Z [logs] info: GET en /ecommerce/user/admin
2023-11-26T21:13:32.042Z [logs] info: GET en /loggerTest?
2023-11-26T21:13:32.321Z [logs] debug: 
2023-11-26T21:13:32.322Z [logs] http: 
2023-11-26T21:13:32.322Z [logs] info: 
2023-11-26T21:13:32.322Z [logs] warning: 
2023-11-26T21:13:32.323Z [logs] error: 
2023-11-26T21:13:32.323Z [logs] fatal: 
2023-11-26T21:14:14.753Z [logs] info: GET en /ecommerce/home/logout?
2023-11-26T21:14:14.877Z [logs] info: Usuario hizo logout: undefined
2023-11-26T21:14:14.886Z [logs] info: GET en /ecommerce/home/login
2023-11-26T21:14:15.762Z [logs] info: Ingreso a pagina de Login
2023-11-26T21:14:38.447Z [logs] info: POST en /ecommerce/user/login_passport
2023-11-26T21:14:39.107Z [logs] info: Usuario hizo login: adminCoder@coder.com
2023-11-26T21:14:39.109Z [logs] info: Ingreso usuario administrador
2023-11-26T21:14:39.113Z [logs] info: GET en /ecommerce/user/admin
2023-11-26T21:14:40.971Z [logs] info: GET en /loggerTest?
2023-11-26T21:14:41.220Z [logs] debug: 
2023-11-26T21:14:41.221Z [logs] http: 
2023-11-26T21:14:41.221Z [logs] info: 
2023-11-26T21:14:41.221Z [logs] warning: 
2023-11-26T21:14:41.222Z [logs] error: 
2023-11-26T21:14:41.222Z [logs] fatal: 
2023-11-26T21:15:39.746Z [logs] info: GET en /ecommerce/home/logout?
2023-11-26T21:15:39.904Z [logs] info: Usuario hizo logout: undefined
2023-11-26T21:15:39.914Z [logs] info: GET en /ecommerce/home/login
2023-11-26T21:15:40.878Z [logs] info: Ingreso a pagina de Login
2023-11-26T21:15:46.332Z [logs] info: POST en /ecommerce/user/login_passport
2023-11-26T21:15:46.953Z [logs] info: Usuario hizo login: adminCoder@coder.com
2023-11-26T21:15:46.955Z [logs] info: Ingreso usuario administrador
2023-11-26T21:15:46.961Z [logs] info: GET en /ecommerce/user/admin
2023-11-26T21:15:48.231Z [logs] info: GET en /loggerTest?
2023-11-26T21:17:00.931Z [logs] info: GET en /ecommerce/home/logout?
2023-11-26T21:17:01.099Z [logs] info: Usuario hizo logout: undefined
2023-11-26T21:17:01.107Z [logs] info: GET en /ecommerce/home/login
2023-11-26T21:17:01.913Z [logs] info: Ingreso a pagina de Login
2023-11-26T21:17:07.526Z [logs] info: POST en /ecommerce/user/login_passport
2023-11-26T21:17:08.186Z [logs] info: Usuario hizo login: adminCoder@coder.com
2023-11-26T21:17:08.188Z [logs] info: Ingreso usuario administrador
2023-11-26T21:17:08.192Z [logs] info: GET en /ecommerce/user/admin
2023-11-26T21:17:11.211Z [logs] info: GET en /loggerTest?
2023-11-26T21:17:11.483Z [logs] debug: 
2023-11-26T21:17:11.484Z [logs] http: 
2023-11-26T21:17:11.484Z [logs] info: 
2023-11-26T21:17:11.484Z [logs] warning: 
2023-11-26T21:17:11.484Z [logs] error: 
2023-11-26T21:17:11.485Z [logs] fatal: 
2023-11-26T21:39:26.961Z [logs] info: GET en /ecommerce/home/logout?
2023-11-26T21:39:27.146Z [logs] info: Usuario hizo logout: undefined
2023-11-26T21:39:27.155Z [logs] info: GET en /ecommerce/home/login
2023-11-26T21:39:28.121Z [logs] info: Ingreso a pagina de Login
2023-11-26T21:39:33.939Z [logs] info: POST en /ecommerce/user/login_passport
2023-11-26T21:39:34.659Z [logs] info: Usuario hizo login: davidferere@gmail.com
2023-11-26T21:39:34.661Z [logs] info: Ingreso usuario
2023-11-26T21:39:34.665Z [logs] info: GET en /ecommerce/user/user
2023-11-26T21:39:37.301Z [logs] info: GET en /mongo/products/catalog
2023-11-26T21:39:37.748Z [logs] info: GET en /js/indexproducts.js
2023-11-26T21:39:38.469Z [logs] info: obtuvo todos los productos
2023-11-26T21:39:38.599Z [logs] info: obtuvo todos los productos
2023-11-26T21:39:38.874Z [logs] info: Se obtuvo productos del carrito con exito
2023-11-26T21:39:40.605Z [logs] info: carrito existe para agregar producto
2023-11-26T21:39:40.609Z [logs] info: Producto existe en el carrito
2023-11-26T21:39:42.231Z [logs] info: carrito existe para agregar producto
2023-11-26T21:39:42.234Z [logs] info: producto no existe en el carrito
2023-11-26T21:39:56.544Z [logs] info: carrito existe para agregar producto
2023-11-26T21:39:56.546Z [logs] info: producto no existe en el carrito
2023-11-26T21:40:06.077Z [logs] info: POST en /mongo/carts/65557019a4c693539f6ed5d4/purchase
2023-11-26T21:40:06.232Z [logs] info: Procedio a la compra: undefined
2023-11-26T21:40:06.237Z [logs] fatal: No se pudo crear ticket de compra
2023-11-26T21:40:06.237Z [logs] info: Se creo ticket de compra para: undefined
2023-11-26T21:40:47.307Z [logs] info: obtuvo todos los productos
2023-11-26T21:40:47.443Z [logs] info: obtuvo todos los productos
2023-11-26T21:40:47.690Z [logs] info: Se obtuvo productos del carrito con exito
2023-11-26T21:40:48.409Z [logs] info: GET en /ecommerce/home/logout?
2023-11-26T21:40:48.604Z [logs] info: Usuario hizo logout: undefined
2023-11-26T21:40:48.609Z [logs] info: GET en /ecommerce/home/login
2023-11-26T21:40:48.748Z [logs] info: Ingreso a pagina de Login
2023-11-26T21:40:55.188Z [logs] info: POST en /ecommerce/user/login_passport
2023-11-26T21:40:55.932Z [logs] info: Usuario hizo login: davidferere@gmail.com
2023-11-26T21:40:55.934Z [logs] info: Ingreso usuario
2023-11-26T21:40:55.938Z [logs] info: GET en /ecommerce/user/user
2023-11-26T21:40:58.755Z [logs] info: GET en /ecommerce/home/profile?
2023-11-26T21:40:59.126Z [logs] info: usuario ingreso a su perfil: davidferere@gmail.com
2023-11-26T21:41:26.589Z [logs] info: GET en /mongo/products/catalog
2023-11-26T21:42:04.221Z [logs] info: GET en /ecommerce/home/logout?
2023-11-26T21:42:04.358Z [logs] info: Usuario hizo logout: undefined
2023-11-26T21:42:04.366Z [logs] info: GET en /ecommerce/home/login
2023-11-26T21:42:05.299Z [logs] info: Ingreso a pagina de Login
2023-11-26T21:42:16.616Z [logs] info: POST en /ecommerce/user/login_passport
2023-11-26T21:42:17.349Z [logs] info: Usuario hizo login: davidferere@gmail.com
2023-11-26T21:42:17.351Z [logs] info: Ingreso usuario
2023-11-26T21:42:17.357Z [logs] info: GET en /ecommerce/user/user
2023-11-26T21:42:18.840Z [logs] info: GET en /mongo/products/catalog
2023-11-26T21:42:19.340Z [logs] info: GET en /js/indexproducts.js
2023-11-26T21:42:19.962Z [logs] info: obtuvo todos los productos
2023-11-26T21:42:20.090Z [logs] info: obtuvo todos los productos
2023-11-26T21:42:20.447Z [logs] info: Se obtuvo productos del carrito con exito
2023-11-26T21:42:22.337Z [logs] info: carrito existe para agregar producto
2023-11-26T21:42:22.340Z [logs] info: Producto existe en el carrito
2023-11-26T21:42:37.831Z [logs] info: GET en /ecommerce/home/profile?
2023-11-26T21:42:38.004Z [logs] info: usuario ingreso a su perfil: undefined
2023-11-26T21:42:38.009Z [logs] info: GET en /ecommerce/home/login
2023-11-26T21:42:38.134Z [logs] info: Ingreso a pagina de Login
2023-11-26T21:42:44.328Z [logs] info: GET en /ecommerce/home/logout?
2023-11-26T21:42:44.487Z [logs] info: Usuario hizo logout: undefined
2023-11-26T21:42:44.492Z [logs] info: GET en /ecommerce/home/login
2023-11-26T21:42:44.643Z [logs] info: Ingreso a pagina de Login
2023-11-26T21:42:54.041Z [logs] info: GET en /ecommerce/home/login
2023-11-26T21:42:55.196Z [logs] info: Ingreso a pagina de Login
2023-11-26T21:43:04.478Z [logs] info: POST en /ecommerce/user/login_passport
2023-11-26T21:43:05.083Z [logs] info: Usuario hizo login: davidferere@gmail.com
2023-11-26T21:43:05.087Z [logs] info: Ingreso usuario
2023-11-26T21:43:05.091Z [logs] info: GET en /ecommerce/user/user
2023-11-26T21:43:15.891Z [logs] info: GET en /ecommerce/home/profile?
2023-11-26T21:43:16.191Z [logs] info: usuario ingreso a su perfil: davidferere@gmail.com
2023-11-26T21:43:18.695Z [logs] info: GET en /ecommerce/home/profile?
2023-11-26T21:43:18.947Z [logs] info: usuario ingreso a su perfil: davidferere@gmail.com
2023-11-26T21:43:26.487Z [logs] info: GET en /mongo/products/catalog
2023-11-26T21:43:26.982Z [logs] info: GET en /js/indexproducts.js
2023-11-26T21:43:27.635Z [logs] info: obtuvo todos los productos
2023-11-26T21:43:27.759Z [logs] info: obtuvo todos los productos
2023-11-26T21:43:28.042Z [logs] info: Se obtuvo productos del carrito con exito
2023-11-26T21:43:42.163Z [logs] info: POST en /mongo/carts/65557019a4c693539f6ed5d4/purchase
2023-11-26T21:43:42.456Z [logs] info: Procedio a la compra: davidferere@gmail.com
2023-11-26T21:43:42.659Z [logs] info: se creo ticket de compra
2023-11-26T21:43:42.659Z [logs] info: Se creo ticket de compra para: davidferere@gmail.com
2023-11-26T22:41:34.471Z [logs] info: obtuvo todos los productos
2023-11-26T22:41:34.626Z [logs] info: obtuvo todos los productos
2023-11-26T22:41:34.951Z [logs] info: Se obtuvo productos del carrito con exito
2023-11-26T22:41:35.092Z [logs] info: GET en /ecommerce/home/logout?
2023-11-26T22:41:36.052Z [logs] info: Usuario hizo logout: undefined
2023-11-26T22:41:36.059Z [logs] info: GET en /ecommerce/home/login
2023-11-26T22:41:37.028Z [logs] info: Ingreso a pagina de Login
2023-12-02T17:35:03.542Z [logs] info: GET en /ecommerce/home/login
2023-12-02T17:35:03.549Z [logs] info: Ingreso a pagina de Login
2023-12-02T17:35:03.641Z [logs] info: GET en /favicon.ico
2023-12-02T18:29:52.196Z [logs] info: GET en /ecommerce/home/login
2023-12-02T18:29:52.201Z [logs] info: Ingreso a pagina de Login
2023-12-02T18:29:55.446Z [logs] info: GET en /ecommerce/home/login
2023-12-02T18:29:55.448Z [logs] info: Ingreso a pagina de Login
2023-12-02T18:29:56.034Z [logs] info: GET en /ecommerce/home/login
2023-12-02T18:29:56.036Z [logs] info: Ingreso a pagina de Login
2023-12-02T18:29:56.451Z [logs] info: GET en /ecommerce/home/login
2023-12-02T18:29:56.453Z [logs] info: Ingreso a pagina de Login
2023-12-02T18:29:56.664Z [logs] info: GET en /ecommerce/home/login
2023-12-02T18:29:56.666Z [logs] info: Ingreso a pagina de Login
2023-12-02T18:29:56.869Z [logs] info: GET en /ecommerce/home/login
2023-12-02T18:29:56.870Z [logs] info: Ingreso a pagina de Login
2023-12-02T18:29:58.652Z [logs] info: GET en /ecommerce/home/login
2023-12-02T18:29:58.654Z [logs] info: Ingreso a pagina de Login
2023-12-02T18:31:58.851Z [logs] info: GET en /ecommerce/home/login
2023-12-02T18:31:58.857Z [logs] info: Ingreso a pagina de Login
2023-12-02T18:32:17.074Z [logs] info: GET en /ecommerce/home/login
2023-12-02T18:32:17.077Z [logs] info: Ingreso a pagina de Login
2023-12-02T18:32:19.253Z [logs] info: GET en /ecommerce/user/changepassword
2023-12-02T18:32:30.660Z [logs] info: POST en /ecommerce/user/changepassword/email
2023-12-02T18:32:30.685Z [logs] fatal: error en encontrar usuario para recuperacion de contraseña
2023-12-02T18:33:32.682Z [logs] info: GET en /ecommerce/user/changepassword
2023-12-02T18:33:35.970Z [logs] info: POST en /ecommerce/user/changepassword/email
2023-12-02T18:33:35.982Z [logs] fatal: error en encontrar usuario para recuperacion de contraseña
2023-12-02T18:33:55.851Z [logs] info: GET en /ecommerce/user/changepassword
2023-12-02T18:33:58.919Z [logs] info: POST en /ecommerce/user/changepassword/email
2023-12-02T18:33:58.933Z [logs] fatal: error en encontrar usuario para recuperacion de contraseña
2023-12-02T18:35:58.636Z [logs] info: GET en /ecommerce/user/changepassword
2023-12-02T18:36:02.230Z [logs] info: POST en /ecommerce/user/changepassword/email
2023-12-02T18:36:02.247Z [logs] fatal: error en encontrar usuario para recuperacion de contraseña
2023-12-02T18:36:38.937Z [logs] info: GET en /ecommerce/user/changepassword
2023-12-02T18:36:45.560Z [logs] info: POST en /ecommerce/user/changepassword/email
2023-12-02T18:37:28.167Z [logs] info: GET en /ecommerce/user/changepassword
2023-12-02T18:37:31.977Z [logs] info: POST en /ecommerce/user/changepassword/email
2023-12-02T18:38:32.623Z [logs] info: GET en /ecommerce/user/changepassword
2023-12-02T18:38:35.857Z [logs] info: POST en /ecommerce/user/changepassword/email
2023-12-02T18:38:41.401Z [logs] fatal: error en encontrar usuario para recuperacion de contraseña
2023-12-02T18:39:14.297Z [logs] info: GET en /ecommerce/user/changepassword
2023-12-02T18:39:17.610Z [logs] info: POST en /ecommerce/user/changepassword/email
2023-12-02T18:39:17.902Z [logs] fatal: error en encontrar usuario para recuperacion de contraseña
2023-12-02T18:39:34.093Z [logs] info: GET en /ecommerce/user/changepassword
2023-12-02T18:39:41.623Z [logs] info: POST en /ecommerce/user/changepassword/email
2023-12-02T18:39:41.876Z [logs] fatal: error en encontrar usuario para recuperacion de contraseña
2023-12-02T18:40:20.885Z [logs] info: GET en /ecommerce/user/changepassword
2023-12-02T18:40:23.912Z [logs] info: POST en /ecommerce/user/changepassword/email
2023-12-02T18:40:24.432Z [logs] fatal: error en encontrar usuario para recuperacion de contraseña
2023-12-02T18:41:35.595Z [logs] info: GET en /ecommerce/user/changepassword
2023-12-02T18:41:39.632Z [logs] info: POST en /ecommerce/user/changepassword/email
2023-12-02T18:42:11.618Z [logs] info: GET en /ecommerce/user/changepassword
2023-12-02T18:42:14.741Z [logs] info: POST en /ecommerce/user/changepassword/email
2023-12-02T18:45:39.499Z [logs] info: GET en /ecommerce/user/changepassword
2023-12-02T18:45:42.519Z [logs] info: POST en /ecommerce/user/changepassword/email
2023-12-02T18:47:58.977Z [logs] info: POST en /ecommerce/user/changepassword/email
2023-12-02T18:48:23.260Z [logs] info: POST en /ecommerce/user/changepassword/email
2023-12-02T18:48:23.817Z [logs] fatal: error en encontrar usuario para recuperacion de contraseña
2023-12-02T18:49:16.877Z [logs] info: POST en /ecommerce/user/changepassword/email
2023-12-02T18:49:23.195Z [logs] info: encontro usuario para recuperacion de contraseña
2023-12-02T18:51:09.812Z [logs] info: POST en /ecommerce/user/changepassword/email
2023-12-02T18:51:20.101Z [logs] info: encontro usuario para recuperacion de contraseña
2023-12-02T19:51:48.595Z [logs] info: GET en /ecommerce/user/changepassword
2023-12-02T19:51:51.380Z [logs] info: POST en /ecommerce/user/changepassword/email
2023-12-02T19:52:10.214Z [logs] info: POST en /ecommerce/user/changepassword/email
2023-12-02T19:52:20.874Z [logs] info: GET en /ecommerce/user/changepassword
2023-12-02T19:52:23.013Z [logs] info: GET en /ecommerce/user/changepassword
2023-12-02T19:52:26.442Z [logs] info: POST en /ecommerce/user/changepassword/email
2023-12-02T19:52:54.870Z [logs] info: POST en /ecommerce/user/changepassword/email
2023-12-02T19:54:27.575Z [logs] info: GET en /ecommerce/user/changepassword
2023-12-02T19:54:30.247Z [logs] info: POST en /ecommerce/user/changepassword/email
2023-12-02T19:54:30.399Z [logs] info: Se envio correo de recuperacion de contraseña al usuario davidferere@gmail.com
2023-12-02T19:54:48.512Z [logs] info: GET en /ecommerce/user/changepassword
2023-12-02T19:54:50.767Z [logs] info: POST en /ecommerce/user/changepassword/email
2023-12-02T19:54:51.079Z [logs] info: Se envio correo de recuperacion de contraseña al usuario davidferere@gmail.com
2023-12-02T19:57:59.107Z [logs] info: GET en /ecommerce/user/changepassword
2023-12-02T19:58:02.072Z [logs] info: POST en /ecommerce/user/changepassword/email
2023-12-02T19:58:02.322Z [logs] info: Se envio correo de recuperacion de contraseña al usuario davidferere@gmail.com
2023-12-02T19:59:16.305Z [logs] info: GET en /ecommerce/user/changepassword
2023-12-02T19:59:18.876Z [logs] info: POST en /ecommerce/user/changepassword/email
2023-12-02T19:59:26.800Z [logs] info: Se envio correo de recuperacion de contraseña al usuario davidferere@gmail.com
2023-12-02T20:00:21.010Z [logs] info: GET en /ecommerce/user/changepassword
2023-12-02T20:00:23.647Z [logs] info: POST en /ecommerce/user/changepassword/email
2023-12-02T20:00:23.850Z [logs] fatal: Hubo un error creando token de recuperacion de contraseña al usuario davidferere@gmail.com
2023-12-02T20:00:23.851Z [logs] info: encontro usuario para recuperacion de contraseña
2023-12-02T20:01:39.222Z [logs] info: GET en /ecommerce/user/changepassword
2023-12-02T20:01:41.563Z [logs] info: POST en /ecommerce/user/changepassword/email
2023-12-02T20:01:41.754Z [logs] fatal: error en encontrar usuario para recuperacion de contraseña
2023-12-02T20:02:56.434Z [logs] info: GET en /ecommerce/user/changepassword
2023-12-02T20:02:58.894Z [logs] info: POST en /ecommerce/user/changepassword/email
2023-12-02T20:02:59.535Z [logs] fatal: error en encontrar usuario para recuperacion de contraseña
2023-12-02T20:04:29.887Z [logs] info: GET en /ecommerce/user/changepassword
2023-12-02T20:04:33.032Z [logs] info: POST en /ecommerce/user/changepassword/email
2023-12-02T20:04:33.364Z [logs] fatal: error en encontrar usuario para recuperacion de contraseña
2023-12-02T20:09:02.224Z [logs] info: GET en /ecommerce/user/changepassword
2023-12-02T20:09:05.698Z [logs] info: POST en /ecommerce/user/changepassword/email
2023-12-02T20:09:21.794Z [logs] info: POST en /ecommerce/user/changepassword/email
2023-12-02T20:15:03.380Z [logs] info: GET en /ecommerce/user/changepassword
2023-12-02T20:15:06.887Z [logs] info: POST en /ecommerce/user/changepassword/email
2023-12-02T20:15:07.392Z [logs] info: Se envio correo de recuperacion de contraseña al usuario davidferere@gmail.com
2023-12-02T20:15:52.867Z [logs] info: GET en /ecommerce/user/changepassword
2023-12-02T20:15:56.804Z [logs] info: POST en /ecommerce/user/changepassword/email
2023-12-02T20:15:57.370Z [logs] info: Se envio correo de recuperacion de contraseña al usuario davidferere@gmail.com
2023-12-02T23:22:23.422Z [logs] info: GET en /ecommerce/user/changepassword
2023-12-02T23:22:29.243Z [logs] info: POST en /ecommerce/user/changepassword/email
2023-12-02T23:22:29.552Z [logs] info: Se envio correo de recuperacion de contraseña al usuario davidferere@gmail.com
2023-12-02T23:25:04.413Z [logs] info: GET en /ecommerce/user/changepassword
2023-12-02T23:25:07.693Z [logs] info: POST en /ecommerce/user/changepassword/email
2023-12-02T23:25:08.455Z [logs] info: Se envio correo de recuperacion de contraseña al usuario davidferere@gmail.com
2023-12-02T23:25:08.619Z [logs] info: Se envio correo al usuario davidferere@gmail.com
2023-12-02T23:27:42.234Z [logs] info: POST en /ecommerce/user/changepassword/email
2023-12-02T23:27:42.592Z [logs] info: Se envio correo de recuperacion de contraseña al usuario davidferere@gmail.com
2023-12-02T23:27:42.719Z [logs] info: Se envio correo de cambio de clave al usuario davidferere@gmail.com
2023-12-02T23:28:05.410Z [logs] info: GET en /ecommerce/user/changepassword
2023-12-02T23:28:08.295Z [logs] info: POST en /ecommerce/user/changepassword/email
2023-12-02T23:28:08.804Z [logs] info: Se envio correo de recuperacion de contraseña al usuario davidferere@gmail.com
2023-12-02T23:28:09.492Z [logs] info: Se envio correo de cambio de clave al usuario davidferere@gmail.com
2023-12-02T23:30:00.511Z [logs] info: GET en /ecommerce/user/changepassword
2023-12-02T23:30:03.621Z [logs] info: POST en /ecommerce/user/changepassword/email
2023-12-02T23:30:04.134Z [logs] info: Se envio correo de recuperacion de contraseña al usuario davidferere@gmail.com
2023-12-02T23:30:04.361Z [logs] info: Se envio correo de cambio de clave al usuario davidferere@gmail.com
2023-12-02T23:31:35.100Z [logs] info: POST en /ecommerce/user/changepassword/email
2023-12-02T23:31:35.574Z [logs] info: Se envio correo de recuperacion de contraseña al usuario davidferere@gmail.com
2023-12-02T23:31:35.700Z [logs] info: Se envio correo de cambio de clave al usuario davidferere@gmail.com
2023-12-02T23:32:25.897Z [logs] info: GET en /ecommerce/user/recovery
2023-12-02T23:36:27.382Z [logs] info: GET en /ecommerce/user/changepassword
2023-12-02T23:36:31.884Z [logs] info: GET en /ecommerce/user/recovery
2023-12-02T23:36:39.202Z [logs] info: POST en /ecommerce/user/changepassword/email
2023-12-02T23:36:39.544Z [logs] info: Se envio correo de recuperacion de contraseña al usuario davidferere@gmail.com
2023-12-02T23:37:04.516Z [logs] info: GET en /ecommerce/user/changepassword
2023-12-02T23:37:07.450Z [logs] info: POST en /ecommerce/user/changepassword/email
2023-12-02T23:37:07.722Z [logs] info: Se envio correo de recuperacion de contraseña al usuario davidferere@gmail.com
2023-12-02T23:37:57.715Z [logs] info: POST en /ecommerce/user/changepassword/email
2023-12-02T23:37:58.019Z [logs] info: Se envio correo de recuperacion de contraseña al usuario davidferere@gmail.com
2023-12-02T23:37:58.150Z [logs] info: Se envio correo de cambio de clave al usuario davidferere@gmail.com
2023-12-02T23:38:01.186Z [logs] info: GET en /ecommerce/user/changepassword
2023-12-02T23:38:04.169Z [logs] info: POST en /ecommerce/user/changepassword/email
2023-12-02T23:38:04.451Z [logs] info: Se envio correo de recuperacion de contraseña al usuario davidferere@gmail.com
2023-12-02T23:38:04.571Z [logs] info: Se envio correo de cambio de clave al usuario davidferere@gmail.com
2023-12-02T23:38:47.102Z [logs] info: GET en /ecommerce/user/changepassword
2023-12-02T23:38:49.986Z [logs] info: POST en /ecommerce/user/changepassword/email
2023-12-02T23:38:50.271Z [logs] info: Se envio correo de recuperacion de contraseña al usuario davidferere@gmail.com
2023-12-02T23:38:50.428Z [logs] info: Se envio correo de cambio de clave al usuario davidferere@gmail.com
2023-12-02T23:42:42.131Z [logs] info: GET en /ecommerce/user/changepassword
2023-12-02T23:42:45.223Z [logs] info: POST en /ecommerce/user/changepassword/email
2023-12-02T23:42:45.624Z [logs] info: Se envio correo de recuperacion de contraseña al usuario davidferere@gmail.com
2023-12-02T23:42:45.840Z [logs] info: Se envio correo de cambio de clave al usuario undefined
2023-12-02T23:43:15.265Z [logs] info: GET en /ecommerce/user/changepassword
2023-12-02T23:43:18.939Z [logs] info: POST en /ecommerce/user/changepassword/email
2023-12-02T23:43:19.269Z [logs] info: Se envio correo de recuperacion de contraseña al usuario davidferere@gmail.com
2023-12-02T23:43:19.436Z [logs] info: Se envio correo de cambio de clave al usuario undefined
2023-12-02T23:45:17.945Z [logs] info: GET en /ecommerce/user/changepassword
2023-12-02T23:45:20.840Z [logs] info: POST en /ecommerce/user/changepassword/email
2023-12-02T23:45:21.192Z [logs] info: Se envio correo de recuperacion de contraseña al usuario davidferere@gmail.com
2023-12-02T23:45:21.318Z [logs] info: Se envio correo de cambio de clave al usuario undefined
2023-12-02T23:46:20.351Z [logs] info: GET en /ecommerce/user/changepassword
2023-12-02T23:46:24.101Z [logs] info: POST en /ecommerce/user/changepassword/email
2023-12-02T23:46:24.415Z [logs] info: Se envio correo de recuperacion de contraseña al usuario davidferere@gmail.com
2023-12-02T23:46:24.536Z [logs] warning: usuario no existe: fi4DlusS8gpDP8rxH7VYlO9OJ
2023-12-02T23:47:26.325Z [logs] info: GET en /ecommerce/user/changepassword
2023-12-02T23:47:29.371Z [logs] info: POST en /ecommerce/user/changepassword/email
2023-12-02T23:47:29.707Z [logs] info: Se envio correo de recuperacion de contraseña al usuario davidferere@gmail.com
2023-12-02T23:47:29.867Z [logs] warning: usuario no existe: JLk1KHQ4zJuSXCQq0S5M1idex
2023-12-02T23:51:19.652Z [logs] info: GET en /ecommerce/user/changepassword
2023-12-02T23:51:24.137Z [logs] info: POST en /ecommerce/user/changepassword/email
2023-12-02T23:51:24.410Z [logs] info: Se envio correo de recuperacion de contraseña al usuario davidferere@gmail.com
2023-12-02T23:51:24.540Z [logs] info: Se envio correo de cambio de clave al usuario davidferere@gmail.com
2023-12-02T23:51:58.513Z [logs] info: GET en /ecommerce/user/recovery
2023-12-02T23:52:03.739Z [logs] info: POST en /ecommerce/user/recovery/newpassword
2023-12-02T23:52:24.809Z [logs] info: GET en /ecommerce/user/recovery
2023-12-02T23:52:28.949Z [logs] info: POST en /ecommerce/user/recovery/newpassword
2023-12-02T23:54:10.535Z [logs] info: GET en /ecommerce/user/recovery
2023-12-02T23:54:15.548Z [logs] info: POST en /ecommerce/user/recovery/newpassword
2023-12-02T23:54:15.706Z [logs] info: encontre el token: SIxV2gZULPgjH6XZQdnsCCeCU
2023-12-02T23:54:15.707Z [logs] info: Encontro token: SIxV2gZULPgjH6XZQdnsCCeCU
2023-12-02T23:54:15.708Z [logs] info: TOken valido: SIxV2gZULPgjH6XZQdnsCCeCU
2023-12-02T23:55:54.182Z [logs] info: GET en /ecommerce/user/recovery
2023-12-02T23:56:06.787Z [logs] info: POST en /ecommerce/user/recovery/newpassword
2023-12-02T23:56:06.962Z [logs] info: encontre el token: SIxV2gZULPgjH6XZQdnsCCeCU
2023-12-02T23:56:06.963Z [logs] info: Encontro token: SIxV2gZULPgjH6XZQdnsCCeCU
2023-12-02T23:56:06.964Z [logs] info: TOken valido: SIxV2gZULPgjH6XZQdnsCCeCU
2023-12-03T00:04:27.922Z [logs] info: GET en /ecommerce/user/recovery
2023-12-03T00:16:30.684Z [logs] info: GET en /ecommerce/user/changepassword
2023-12-03T00:16:35.799Z [logs] info: POST en /ecommerce/user/changepassword/email
2023-12-03T00:16:36.139Z [logs] info: Se envio correo de recuperacion de contraseña al usuario davidferere@gmail.com
2023-12-03T00:16:36.412Z [logs] info: Se envio correo de cambio de clave al usuario davidferere@gmail.com
2023-12-03T00:17:07.045Z [logs] info: GET en /ecommerce/user/recovery
2023-12-03T00:18:08.511Z [logs] info: GET en /ecommerce/user/recovery
2023-12-03T00:18:17.965Z [logs] info: POST en /ecommerce/user/recovery/newpassword
2023-12-03T00:18:18.153Z [logs] info: encontre el token: Q1ueHrt8TRzgjz4W0LM7D8Jjp
2023-12-03T00:18:18.154Z [logs] info: Encontro token: Q1ueHrt8TRzgjz4W0LM7D8Jjp
2023-12-03T00:18:18.155Z [logs] info: Token valido: Q1ueHrt8TRzgjz4W0LM7D8Jjp
2023-12-03T00:18:18.315Z [logs] fatal: No encontro token: Q1ueHrt8TRzgjz4W0LM7D8Jjp
2023-12-03T00:18:52.537Z [logs] info: GET en /ecommerce/user/changepassword
2023-12-03T00:18:55.446Z [logs] info: POST en /ecommerce/user/changepassword/email
2023-12-03T00:18:55.804Z [logs] info: Se envio correo de recuperacion de contraseña al usuario davidferere@gmail.com
2023-12-03T00:18:55.970Z [logs] info: Se envio correo de cambio de clave al usuario davidferere@gmail.com
2023-12-03T00:19:16.238Z [logs] info: GET en /ecommerce/user/recovery
2023-12-03T00:19:28.145Z [logs] info: POST en /ecommerce/user/recovery/newpassword
2023-12-03T00:19:28.296Z [logs] info: encontre el token: NsunNGR6gXgdO4Q8qPNoUTepi
2023-12-03T00:19:28.296Z [logs] info: Encontro token: NsunNGR6gXgdO4Q8qPNoUTepi
2023-12-03T00:19:28.298Z [logs] info: Token valido: NsunNGR6gXgdO4Q8qPNoUTepi
2023-12-03T00:19:28.426Z [logs] fatal: No encontro token: NsunNGR6gXgdO4Q8qPNoUTepi
2023-12-03T00:21:33.095Z [logs] info: POST en /ecommerce/user/recovery/newpassword
2023-12-03T00:21:33.237Z [logs] info: encontre el token: NsunNGR6gXgdO4Q8qPNoUTepi
2023-12-03T00:21:33.238Z [logs] info: Encontro token: NsunNGR6gXgdO4Q8qPNoUTepi
2023-12-03T00:21:33.239Z [logs] info: Token valido: NsunNGR6gXgdO4Q8qPNoUTepi
2023-12-03T00:21:33.359Z [logs] fatal: No encontro token: NsunNGR6gXgdO4Q8qPNoUTepi
2023-12-03T00:22:23.333Z [logs] info: POST en /ecommerce/user/recovery/newpassword
2023-12-03T00:22:23.484Z [logs] info: encontre el token: NsunNGR6gXgdO4Q8qPNoUTepi
2023-12-03T00:22:23.485Z [logs] info: Encontro token: NsunNGR6gXgdO4Q8qPNoUTepi
2023-12-03T00:22:23.487Z [logs] info: Token valido: NsunNGR6gXgdO4Q8qPNoUTepi
2023-12-03T00:22:23.641Z [logs] fatal: No encontro token: NsunNGR6gXgdO4Q8qPNoUTepi
2023-12-03T00:24:43.885Z [logs] info: POST en /ecommerce/user/recovery/newpassword
2023-12-03T00:24:44.092Z [logs] info: encontre el token: NsunNGR6gXgdO4Q8qPNoUTepi
2023-12-03T00:24:44.093Z [logs] info: Encontro token: NsunNGR6gXgdO4Q8qPNoUTepi
2023-12-03T00:24:44.094Z [logs] info: Token valido: NsunNGR6gXgdO4Q8qPNoUTepi
2023-12-03T00:24:44.226Z [logs] fatal: No encontro token: NsunNGR6gXgdO4Q8qPNoUTepi
2023-12-03T00:26:33.277Z [logs] info: POST en /ecommerce/user/recovery/newpassword
2023-12-03T00:26:33.438Z [logs] info: encontre el token: NsunNGR6gXgdO4Q8qPNoUTepi
2023-12-03T00:26:33.439Z [logs] info: Encontro token: NsunNGR6gXgdO4Q8qPNoUTepi
2023-12-03T00:26:33.440Z [logs] info: Token valido: NsunNGR6gXgdO4Q8qPNoUTepi
2023-12-03T00:26:33.595Z [logs] fatal: No encontro token: NsunNGR6gXgdO4Q8qPNoUTepi
2023-12-03T00:27:01.156Z [logs] info: POST en /ecommerce/user/recovery/newpassword
2023-12-03T00:27:01.377Z [logs] info: encontre el token: NsunNGR6gXgdO4Q8qPNoUTepi
2023-12-03T00:27:01.377Z [logs] info: Encontro token: NsunNGR6gXgdO4Q8qPNoUTepi
2023-12-03T00:27:01.379Z [logs] info: Token valido: NsunNGR6gXgdO4Q8qPNoUTepi
2023-12-03T00:27:01.555Z [logs] fatal: No encontro token: NsunNGR6gXgdO4Q8qPNoUTepi
2023-12-03T00:29:06.488Z [logs] info: GET en /ecommerce/user/recovery
2023-12-03T00:29:13.366Z [logs] info: POST en /ecommerce/user/recovery/newpassword
2023-12-03T00:30:10.014Z [logs] info: POST en /ecommerce/user/recovery/newpassword
2023-12-03T00:30:10.156Z [logs] info: encontre el token: NsunNGR6gXgdO4Q8qPNoUTepi
2023-12-03T00:30:10.157Z [logs] info: Encontro token: NsunNGR6gXgdO4Q8qPNoUTepi
2023-12-03T00:30:10.159Z [logs] info: Token valido: NsunNGR6gXgdO4Q8qPNoUTepi
2023-12-03T00:30:10.310Z [logs] fatal: No encontro token: NsunNGR6gXgdO4Q8qPNoUTepi
2023-12-03T00:31:17.294Z [logs] info: GET en /ecommerce/user/recovery
2023-12-03T00:31:30.404Z [logs] info: POST en /ecommerce/user/recovery/newpassword
2023-12-03T00:32:33.432Z [logs] info: POST en /ecommerce/user/recovery/newpassword
2023-12-03T00:32:33.576Z [logs] info: encontre el token: NsunNGR6gXgdO4Q8qPNoUTepi
2023-12-03T00:32:33.576Z [logs] info: Encontro token: NsunNGR6gXgdO4Q8qPNoUTepi
2023-12-03T00:32:33.578Z [logs] info: Token valido: NsunNGR6gXgdO4Q8qPNoUTepi
2023-12-03T00:32:33.699Z [logs] fatal: No encontro token: NsunNGR6gXgdO4Q8qPNoUTepi
2023-12-03T00:33:37.614Z [logs] info: GET en /ecommerce/user/recovery
2023-12-03T00:33:44.303Z [logs] info: POST en /ecommerce/user/recovery/newpassword
2023-12-03T00:34:13.362Z [logs] info: GET en /ecommerce/user/recovery
2023-12-03T00:34:20.590Z [logs] info: POST en /ecommerce/user/recovery/newpassword
2023-12-03T00:34:20.733Z [logs] info: encontre el token: NsunNGR6gXgdO4Q8qPNoUTepi
2023-12-03T00:34:20.734Z [logs] info: Encontro token: NsunNGR6gXgdO4Q8qPNoUTepi
2023-12-03T00:34:20.735Z [logs] info: Token valido: NsunNGR6gXgdO4Q8qPNoUTepi
2023-12-03T00:34:20.908Z [logs] error: Contrasena nueva y vieja son las mismas del usuario: davidferere@gmail.com
2023-12-03T00:34:20.909Z [logs] fatal: No encontro token: NsunNGR6gXgdO4Q8qPNoUTepi
2023-12-03T00:38:19.615Z [logs] info: POST en /ecommerce/user/recovery/newpassword
2023-12-03T00:38:19.803Z [logs] info: encontre el token: NsunNGR6gXgdO4Q8qPNoUTepi
2023-12-03T00:38:19.804Z [logs] info: Encontro token: NsunNGR6gXgdO4Q8qPNoUTepi
2023-12-03T00:38:19.806Z [logs] info: Token valido: NsunNGR6gXgdO4Q8qPNoUTepi
2023-12-03T00:38:19.978Z [logs] error: Contrasena nueva y vieja son las mismas del usuario: davidferere@gmail.com
2023-12-03T00:38:19.979Z [logs] fatal: No encontro token: NsunNGR6gXgdO4Q8qPNoUTepi
2023-12-03T00:39:17.982Z [logs] info: POST en /ecommerce/user/recovery/newpassword
2023-12-03T00:39:18.187Z [logs] info: encontre el token: NsunNGR6gXgdO4Q8qPNoUTepi
2023-12-03T00:39:18.187Z [logs] info: Encontro token: NsunNGR6gXgdO4Q8qPNoUTepi
2023-12-03T00:39:18.189Z [logs] info: Token valido: NsunNGR6gXgdO4Q8qPNoUTepi
2023-12-03T00:39:18.373Z [logs] error: Contrasena nueva y vieja son las mismas del usuario: davidferere@gmail.com
2023-12-03T00:39:18.374Z [logs] fatal: No encontro token: NsunNGR6gXgdO4Q8qPNoUTepi
2023-12-03T00:40:25.150Z [logs] info: POST en /ecommerce/user/recovery/newpassword
2023-12-03T00:40:25.297Z [logs] info: encontre el token: NsunNGR6gXgdO4Q8qPNoUTepi
2023-12-03T00:40:25.298Z [logs] info: Encontro token: NsunNGR6gXgdO4Q8qPNoUTepi
2023-12-03T00:40:25.300Z [logs] info: Token valido: NsunNGR6gXgdO4Q8qPNoUTepi
2023-12-03T00:40:25.511Z [logs] error: Contrasena nueva y vieja son las mismas del usuario: davidferere@gmail.com
2023-12-03T00:40:25.513Z [logs] error: La nueva contrasena es igual a la anterior: davidferere@gmail.com
2023-12-03T00:40:51.601Z [logs] info: POST en /ecommerce/user/recovery/newpassword
2023-12-03T00:40:51.782Z [logs] info: encontre el token: NsunNGR6gXgdO4Q8qPNoUTepi
2023-12-03T00:40:51.783Z [logs] info: Encontro token: NsunNGR6gXgdO4Q8qPNoUTepi
2023-12-03T00:40:51.784Z [logs] info: Token valido: NsunNGR6gXgdO4Q8qPNoUTepi
2023-12-03T00:40:51.978Z [logs] info: Se cambio password de forma exitosa:davidferere@gmail.com
2023-12-03T00:42:50.847Z [logs] info: POST en /ecommerce/user/recovery/newpassword
2023-12-03T00:42:50.987Z [logs] info: encontre el token: NsunNGR6gXgdO4Q8qPNoUTepi
2023-12-03T00:42:50.988Z [logs] info: Encontro token: NsunNGR6gXgdO4Q8qPNoUTepi
2023-12-03T00:42:50.989Z [logs] info: Token valido: NsunNGR6gXgdO4Q8qPNoUTepi
2023-12-03T00:42:51.170Z [logs] info: Se cambio password de forma exitosa:davidferere@gmail.com
2023-12-03T00:42:57.692Z [logs] info: POST en /ecommerce/user/recovery/newpassword
2023-12-03T00:42:57.851Z [logs] info: encontre el token: NsunNGR6gXgdO4Q8qPNoUTepi
2023-12-03T00:42:57.852Z [logs] info: Encontro token: NsunNGR6gXgdO4Q8qPNoUTepi
2023-12-03T00:42:57.854Z [logs] info: Token valido: NsunNGR6gXgdO4Q8qPNoUTepi
2023-12-03T00:42:58.063Z [logs] error: Contrasena nueva y vieja son las mismas del usuario: davidferere@gmail.com
2023-12-03T00:42:58.065Z [logs] error: La nueva contrasena es igual a la anterior: davidferere@gmail.com
2023-12-03T00:51:29.757Z [logs] info: POST en /ecommerce/user/recovery/newpassword
2023-12-03T00:51:30.029Z [logs] info: encontre el token: NsunNGR6gXgdO4Q8qPNoUTepi
2023-12-03T00:51:30.030Z [logs] info: Encontro token: NsunNGR6gXgdO4Q8qPNoUTepi
2023-12-03T00:51:30.031Z [logs] info: Token valido: NsunNGR6gXgdO4Q8qPNoUTepi
2023-12-03T00:51:30.243Z [logs] error: Contrasena nueva y vieja son las mismas del usuario: davidferere@gmail.com
2023-12-03T00:51:30.244Z [logs] error: La nueva contrasena es igual a la anterior: davidferere@gmail.com
2023-12-03T00:51:46.224Z [logs] info: POST en /ecommerce/user/recovery/newpassword
2023-12-03T00:51:46.387Z [logs] info: encontre el token: NsunNGR6gXgdO4Q8qPNoUTepi
2023-12-03T00:51:46.388Z [logs] info: Encontro token: NsunNGR6gXgdO4Q8qPNoUTepi
2023-12-03T00:51:46.388Z [logs] info: Token valido: NsunNGR6gXgdO4Q8qPNoUTepi
2023-12-03T00:51:46.623Z [logs] info: Se cambio password de forma exitosa:davidferere@gmail.com
2023-12-03T00:52:06.825Z [logs] info: GET en /ecommerce/home/login
2023-12-03T00:52:06.827Z [logs] info: Ingreso a pagina de Login
2023-12-03T00:52:13.079Z [logs] info: POST en /ecommerce/user/login_passport
2023-12-03T00:52:13.629Z [logs] info: Usuario hizo login: davidferere@gmail.com
2023-12-03T00:52:13.632Z [logs] info: Ingreso usuario
2023-12-03T00:52:13.635Z [logs] info: GET en /ecommerce/user/user
2023-12-03T00:52:21.961Z [logs] info: GET en /ecommerce/home/logout?
2023-12-03T00:52:22.239Z [logs] info: Usuario hizo logout: davidferere@gmail.com
2023-12-03T00:52:22.242Z [logs] info: GET en /ecommerce/home/login
2023-12-03T00:52:22.403Z [logs] info: Ingreso a pagina de Login
2023-12-03T00:52:28.601Z [logs] info: POST en /ecommerce/user/login_passport
2023-12-03T00:52:28.933Z [logs] info: GET en /api/sessions/failurelogin
2023-12-03T00:52:29.050Z [logs] error: Fallo login del usuario: undefined
2023-12-03T00:52:51.730Z [logs] info: POST en /ecommerce/user/recovery/newpassword
2023-12-03T00:52:52.053Z [logs] info: encontre el token: NsunNGR6gXgdO4Q8qPNoUTepi
2023-12-03T00:52:52.053Z [logs] info: Encontro token: NsunNGR6gXgdO4Q8qPNoUTepi
2023-12-03T00:52:52.054Z [logs] info: Token valido: NsunNGR6gXgdO4Q8qPNoUTepi
2023-12-03T00:52:52.230Z [logs] info: Se cambio password de forma exitosa:davidferere@gmail.com
2023-12-03T00:54:56.768Z [logs] info: POST en /ecommerce/user/recovery/newpassword
2023-12-03T00:54:57.061Z [logs] info: encontre el token: NsunNGR6gXgdO4Q8qPNoUTepi
2023-12-03T00:54:57.062Z [logs] info: Encontro token: NsunNGR6gXgdO4Q8qPNoUTepi
2023-12-03T00:54:57.063Z [logs] info: Token valido: NsunNGR6gXgdO4Q8qPNoUTepi
2023-12-03T00:54:57.276Z [logs] error: Contrasena nueva y vieja son las mismas del usuario: davidferere@gmail.com
2023-12-03T00:54:57.277Z [logs] error: La nueva contrasena es igual a la anterior: davidferere@gmail.com
2023-12-03T00:55:01.103Z [logs] info: POST en /ecommerce/user/recovery/newpassword
2023-12-03T00:55:01.376Z [logs] info: encontre el token: NsunNGR6gXgdO4Q8qPNoUTepi
2023-12-03T00:55:01.377Z [logs] info: Encontro token: NsunNGR6gXgdO4Q8qPNoUTepi
2023-12-03T00:55:01.378Z [logs] info: Token valido: NsunNGR6gXgdO4Q8qPNoUTepi
2023-12-03T00:55:01.592Z [logs] info: Se cambio password de forma exitosa:davidferere@gmail.com
2023-12-03T00:55:17.812Z [logs] info: GET en /ecommerce/home/login
2023-12-03T00:55:17.943Z [logs] info: Ingreso a pagina de Login
2023-12-03T00:55:22.139Z [logs] info: POST en /ecommerce/user/login_passport
2023-12-03T00:55:22.815Z [logs] info: Usuario hizo login: davidferere@gmail.com
2023-12-03T00:55:22.818Z [logs] info: Ingreso usuario
2023-12-03T00:55:22.821Z [logs] info: GET en /ecommerce/user/user
2023-12-03T00:55:26.127Z [logs] info: GET en /ecommerce/home/logout?
2023-12-03T00:55:26.422Z [logs] info: Usuario hizo logout: davidferere@gmail.com
2023-12-03T00:55:26.425Z [logs] info: GET en /ecommerce/home/login
2023-12-03T00:55:26.653Z [logs] info: Ingreso a pagina de Login
2023-12-03T00:55:56.271Z [logs] info: POST en /ecommerce/user/recovery/newpassword
2023-12-03T00:55:56.567Z [logs] info: encontre el token: NsunNGR6gXgdO4Q8qPNoUTepi
2023-12-03T00:55:56.568Z [logs] info: Encontro token: NsunNGR6gXgdO4Q8qPNoUTepi
2023-12-03T00:55:56.569Z [logs] info: Token valido: NsunNGR6gXgdO4Q8qPNoUTepi
2023-12-03T00:55:56.809Z [logs] error: Contrasena nueva y vieja son las mismas del usuario: davidferere@gmail.com
2023-12-03T00:55:56.810Z [logs] error: La nueva contrasena es igual a la anterior: davidferere@gmail.com
2023-12-03T00:56:00.291Z [logs] info: POST en /ecommerce/user/recovery/newpassword
2023-12-03T00:56:00.589Z [logs] info: encontre el token: NsunNGR6gXgdO4Q8qPNoUTepi
2023-12-03T00:56:00.590Z [logs] info: Encontro token: NsunNGR6gXgdO4Q8qPNoUTepi
2023-12-03T00:56:00.591Z [logs] info: Token valido: NsunNGR6gXgdO4Q8qPNoUTepi
2023-12-03T00:56:01.003Z [logs] info: Se cambio password de forma exitosa:davidferere@gmail.com
2023-12-03T00:57:16.657Z [logs] info: POST en /ecommerce/user/login_passport
2023-12-03T00:57:17.223Z [logs] info: Usuario hizo login: davidferere@gmail.com
2023-12-03T00:57:17.225Z [logs] info: Ingreso usuario
2023-12-03T00:57:17.229Z [logs] info: GET en /ecommerce/user/user
2023-12-03T00:57:20.251Z [logs] info: GET en /ecommerce/home/logout?
2023-12-03T00:57:20.562Z [logs] info: Usuario hizo logout: davidferere@gmail.com
2023-12-03T00:57:20.566Z [logs] info: GET en /ecommerce/home/login
2023-12-03T00:57:20.743Z [logs] info: Ingreso a pagina de Login
2023-12-03T01:02:56.521Z [logs] info: POST en /ecommerce/user/recovery/newpassword
2023-12-03T01:02:56.829Z [logs] info: encontre el token: NsunNGR6gXgdO4Q8qPNoUTepi
2023-12-03T01:02:56.830Z [logs] info: Encontro token: NsunNGR6gXgdO4Q8qPNoUTepi
2023-12-03T01:02:56.831Z [logs] info: Token valido: NsunNGR6gXgdO4Q8qPNoUTepi
2023-12-03T01:02:57.017Z [logs] error: Contrasena nueva y vieja son las mismas del usuario: davidferere@gmail.com
2023-12-03T01:02:57.018Z [logs] error: La nueva contrasena es igual a la anterior: davidferere@gmail.com
2023-12-03T01:03:02.538Z [logs] info: POST en /ecommerce/user/recovery/newpassword
2023-12-03T01:03:02.900Z [logs] info: encontre el token: NsunNGR6gXgdO4Q8qPNoUTepi
2023-12-03T01:03:02.901Z [logs] info: Encontro token: NsunNGR6gXgdO4Q8qPNoUTepi
2023-12-03T01:03:02.902Z [logs] info: Token valido: NsunNGR6gXgdO4Q8qPNoUTepi
2023-12-03T01:03:03.448Z [logs] info: Se cambio password de forma exitosa:davidferere@gmail.com
2023-12-03T01:03:33.784Z [logs] info: GET en /ecommerce/home/login
2023-12-03T01:03:33.903Z [logs] info: Ingreso a pagina de Login
2023-12-03T01:03:38.214Z [logs] info: POST en /ecommerce/user/login_passport
2023-12-03T01:03:38.599Z [logs] info: GET en /api/sessions/failurelogin
2023-12-03T01:03:38.836Z [logs] error: Fallo login del usuario: undefined
2023-12-03T01:04:13.401Z [logs] info: POST en /ecommerce/user/login_passport
2023-12-03T01:04:14.141Z [logs] info: Usuario hizo login: davidferere@gmail.com
2023-12-03T01:04:14.145Z [logs] info: Ingreso usuario
2023-12-03T01:04:14.149Z [logs] info: GET en /ecommerce/user/user
2023-12-03T01:07:22.309Z [logs] info: GET en /ecommerce/home/logout?
2023-12-03T01:07:22.437Z [logs] info: Usuario hizo logout: undefined
2023-12-03T01:07:22.444Z [logs] info: GET en /ecommerce/home/login
2023-12-03T01:07:23.549Z [logs] info: Ingreso a pagina de Login
2023-12-03T01:07:25.843Z [logs] info: GET en /ecommerce/user/changepassword
2023-12-03T01:07:29.212Z [logs] info: POST en /ecommerce/user/changepassword/email
2023-12-03T01:07:29.695Z [logs] info: Se envio correo de recuperacion de contraseña al usuario davidferere@gmail.com
2023-12-03T01:07:29.873Z [logs] info: Se envio correo de cambio de clave al usuario davidferere@gmail.com
2023-12-03T01:08:03.267Z [logs] info: POST en /ecommerce/user/recovery/newpassword
2023-12-03T01:08:03.564Z [logs] info: encontre el token: fBQosbRHmNIIGEwSPzzelSYol
2023-12-03T01:08:03.565Z [logs] info: Encontro token: fBQosbRHmNIIGEwSPzzelSYol
2023-12-03T01:08:03.566Z [logs] info: Token valido: fBQosbRHmNIIGEwSPzzelSYol
2023-12-03T01:08:03.739Z [logs] error: Contrasena nueva y vieja son las mismas del usuario: davidferere@gmail.com
2023-12-03T01:08:03.740Z [logs] error: La nueva contrasena es igual a la anterior: davidferere@gmail.com
2023-12-03T01:08:07.703Z [logs] info: POST en /ecommerce/user/recovery/newpassword
2023-12-03T01:08:07.964Z [logs] info: encontre el token: fBQosbRHmNIIGEwSPzzelSYol
2023-12-03T01:08:07.964Z [logs] info: Encontro token: fBQosbRHmNIIGEwSPzzelSYol
2023-12-03T01:08:07.965Z [logs] info: Token valido: fBQosbRHmNIIGEwSPzzelSYol
2023-12-03T01:08:08.534Z [logs] info: Se cambio password de forma exitosa:davidferere@gmail.com
2023-12-03T01:08:08.743Z [logs] info: Token fue eliminado: fBQosbRHmNIIGEwSPzzelSYolundefined
2023-12-03T01:08:47.199Z [logs] info: GET en /ecommerce/home/login
2023-12-03T01:08:47.359Z [logs] info: Ingreso a pagina de Login
2023-12-03T01:08:51.202Z [logs] info: POST en /ecommerce/user/login_passport
2023-12-03T01:08:51.905Z [logs] info: Usuario hizo login: davidferere@gmail.com
2023-12-03T01:08:51.908Z [logs] info: Ingreso usuario
2023-12-03T01:08:51.912Z [logs] info: GET en /ecommerce/user/user
2023-12-03T01:11:14.782Z [logs] info: GET en /ecommerce/home/logout?
2023-12-03T01:11:14.902Z [logs] info: Usuario hizo logout: undefined
2023-12-03T01:11:14.905Z [logs] info: GET en /ecommerce/home/login
2023-12-03T01:11:15.060Z [logs] info: Ingreso a pagina de Login
2023-12-03T01:11:21.013Z [logs] info: GET en /ecommerce/user/changepassword
2023-12-03T01:11:26.448Z [logs] info: POST en /ecommerce/user/changepassword/email
2023-12-03T01:11:26.873Z [logs] info: Se envio correo de recuperacion de contraseña al usuario davidferere@gmail.com
2023-12-03T01:11:27.014Z [logs] info: Se envio correo de cambio de clave al usuario davidferere@gmail.com
2023-12-03T01:12:35.439Z [logs] info: POST en /ecommerce/user/recovery/newpassword
2023-12-03T01:12:35.903Z [logs] info: encontre el token: Q4WgHJidkVwmyoPeMf7o3VBdM
2023-12-03T01:12:35.904Z [logs] info: Encontro token: Q4WgHJidkVwmyoPeMf7o3VBdM
2023-12-03T01:12:35.905Z [logs] info: Token valido: Q4WgHJidkVwmyoPeMf7o3VBdM
2023-12-03T01:12:36.224Z [logs] error: Contrasena nueva y vieja son las mismas del usuario: davidferere@gmail.com
2023-12-03T01:12:36.225Z [logs] error: La nueva contrasena es igual a la anterior: davidferere@gmail.com
2023-12-03T01:12:45.824Z [logs] info: POST en /ecommerce/user/recovery/newpassword
2023-12-03T01:12:46.516Z [logs] info: encontre el token: Q4WgHJidkVwmyoPeMf7o3VBdM
2023-12-03T01:12:46.516Z [logs] info: Encontro token: Q4WgHJidkVwmyoPeMf7o3VBdM
2023-12-03T01:12:46.517Z [logs] info: Token valido: Q4WgHJidkVwmyoPeMf7o3VBdM
2023-12-03T01:12:47.723Z [logs] info: Se cambio password de forma exitosa:davidferere@gmail.com
2023-12-03T01:12:47.973Z [logs] info: Token fue eliminado: Q4WgHJidkVwmyoPeMf7o3VBdMundefined
2023-12-03T03:39:17.685Z [logs] info: GET en /ecommerce/user/recovery
2023-12-03T03:39:18.164Z [logs] info: GET en /favicon.ico
2023-12-03T03:39:20.989Z [logs] info: GET en /ecommerce/user/changepassword
2023-12-03T03:39:26.430Z [logs] info: GET en /ecommerce/home/login
2023-12-03T03:39:26.811Z [logs] info: Ingreso a pagina de Login
2023-12-03T03:39:28.467Z [logs] info: GET en /ecommerce/home/login
2023-12-03T03:39:28.603Z [logs] info: Ingreso a pagina de Login
2023-12-03T03:39:30.359Z [logs] info: GET en /ecommerce/user/changepassword
2023-12-03T03:39:34.368Z [logs] info: POST en /ecommerce/user/changepassword/email
2023-12-03T03:39:34.961Z [logs] info: Se envio correo de recuperacion de contraseña al usuario davidferere@gmail.com
2023-12-03T03:39:35.567Z [logs] info: Se envio correo de cambio de clave al usuario davidferere@gmail.com
2023-12-03T03:40:08.293Z [logs] info: GET en /ecommerce/user/recovery
2023-12-03T03:40:18.115Z [logs] info: POST en /ecommerce/user/recovery/newpassword
2023-12-03T03:40:18.456Z [logs] info: encontre el token: juYVYDt49DLERtOPKNoadtXi7
2023-12-03T03:40:18.457Z [logs] info: Encontro token: juYVYDt49DLERtOPKNoadtXi7
2023-12-03T03:40:18.459Z [logs] info: Token valido: juYVYDt49DLERtOPKNoadtXi7
2023-12-03T03:40:19.018Z [logs] info: Se cambio password de forma exitosa:davidferere@gmail.com
2023-12-03T03:40:19.143Z [logs] info: Token fue eliminado: juYVYDt49DLERtOPKNoadtXi7undefined
2023-12-03T03:40:26.352Z [logs] info: POST en /ecommerce/user/changepassword/email
2023-12-03T03:40:26.849Z [logs] info: Se envio correo de recuperacion de contraseña al usuario davidferere@gmail.com
2023-12-03T03:40:27.031Z [logs] info: Se envio correo de cambio de clave al usuario davidferere@gmail.com
2023-12-03T03:40:56.622Z [logs] info: GET en /ecommerce/user/recovery
2023-12-03T03:41:03.300Z [logs] info: POST en /ecommerce/user/recovery/newpassword
2023-12-03T03:41:04.051Z [logs] info: encontre el token: kSFWlJRjTt60oyyTdesm7zr79
2023-12-03T03:41:04.052Z [logs] info: Encontro token: kSFWlJRjTt60oyyTdesm7zr79
2023-12-03T03:41:04.053Z [logs] info: Token valido: kSFWlJRjTt60oyyTdesm7zr79
2023-12-03T03:41:04.589Z [logs] error: Contrasena nueva y vieja son las mismas del usuario: davidferere@gmail.com
2023-12-03T03:41:04.591Z [logs] error: La nueva contrasena es igual a la anterior: davidferere@gmail.com
2023-12-03T03:41:40.664Z [logs] info: GET en /ecommerce/user/recovery
2023-12-03T03:41:48.338Z [logs] info: GET en /ecommerce/user/recovery
2023-12-03T03:41:58.167Z [logs] info: POST en /ecommerce/user/recovery/newpassword
2023-12-03T03:41:58.451Z [logs] info: encontre el token: fBQosbRHmNIIGEwSPzzelSYol
2023-12-03T03:41:58.452Z [logs] info: Encontro token: fBQosbRHmNIIGEwSPzzelSYol
2023-12-03T03:41:58.452Z [logs] fatal: No encontro token: fBQosbRHmNIIGEwSPzzelSYol
2023-12-03T03:44:57.406Z [logs] info: GET en /ecommerce/user/recovery
2023-12-03T03:45:05.682Z [logs] info: POST en /ecommerce/user/recovery/newpassword
2023-12-03T03:45:07.340Z [logs] info: encontre el token: fBQosbRHmNIIGEwSPzzelSYol
2023-12-03T03:45:07.341Z [logs] info: Encontro token: fBQosbRHmNIIGEwSPzzelSYol
2023-12-03T03:45:07.342Z [logs] fatal: No encontro token: fBQosbRHmNIIGEwSPzzelSYol
2023-12-03T03:46:10.864Z [logs] info: GET en /ecommerce/user/recovery
2023-12-03T03:46:17.699Z [logs] info: POST en /ecommerce/user/recovery/newpassword
2023-12-03T03:46:18.024Z [logs] info: encontre el token: kSFWlJRjTt60oyyTdesm7zr79
2023-12-03T03:46:18.025Z [logs] info: Encontro token: kSFWlJRjTt60oyyTdesm7zr79
2023-12-03T03:46:18.026Z [logs] info: Token valido: kSFWlJRjTt60oyyTdesm7zr79
2023-12-03T03:46:18.648Z [logs] info: Se cambio password de forma exitosa:davidferere@gmail.com
2023-12-03T03:46:18.833Z [logs] info: Token fue eliminado: kSFWlJRjTt60oyyTdesm7zr79undefined
2023-12-03T15:00:56.720Z [logs] info: GET en /ecommerce/home/login
2023-12-03T15:00:56.847Z [logs] info: Ingreso a pagina de Login
2023-12-03T15:00:58.740Z [logs] info: GET en /ecommerce/home/signup
2023-12-03T15:01:36.893Z [logs] info: POST en /ecommerce/user/signup_passport
2023-12-03T15:01:37.278Z [logs] info: GET en /api/sessions/failregister
2023-12-03T15:01:37.404Z [logs] error: Fallo registro del usuario: undefined
2023-12-03T15:01:49.211Z [logs] info: GET en /api/sessions/failregister
2023-12-03T15:01:51.223Z [logs] error: Fallo registro del usuario: undefined
2023-12-03T15:02:12.039Z [logs] info: GET en /ecommerce/home/login
2023-12-03T15:02:12.169Z [logs] info: Ingreso a pagina de Login
2023-12-03T15:02:18.139Z [logs] info: GET en /ecommerce/home/signup
2023-12-03T15:02:49.451Z [logs] info: POST en /ecommerce/user/signup_passport
2023-12-03T15:02:49.721Z [logs] info: GET en /api/sessions/failregister
2023-12-03T15:02:49.847Z [logs] error: Fallo registro del usuario: undefined
2023-12-03T15:05:23.637Z [logs] info: GET en /ecommerce/home/signup
2023-12-03T15:22:31.748Z [logs] info: GET en /ecommerce/home/signup
2023-12-03T15:22:50.232Z [logs] info: POST en /ecommerce/user/signup_passport
2023-12-03T15:22:51.235Z [logs] info: GET en /api/sessions/failregister
2023-12-03T15:22:51.392Z [logs] error: Fallo registro del usuario: undefined
2023-12-03T15:23:25.850Z [logs] info: GET en /ecommerce/home/signup
2023-12-03T15:28:38.088Z [logs] info: POST en /ecommerce/user/signup_passport
2023-12-03T15:28:38.379Z [logs] info: GET en /api/sessions/failregister
2023-12-03T15:28:38.568Z [logs] error: Fallo registro del usuario: undefined
2023-12-03T15:31:10.056Z [logs] info: GET en /api/sessions/failregister
2023-12-03T15:32:05.295Z [logs] info: GET en /api/sessions/failregister
2023-12-03T15:32:14.480Z [logs] info: GET en /api/sessions/failregister
2023-12-03T15:32:18.863Z [logs] info: GET en /ecommerce/home/signup
2023-12-03T15:32:35.021Z [logs] info: GET en /ecommerce/home/login
2023-12-03T15:32:40.781Z [logs] info: GET en /ecommerce/home/login
2023-12-03T15:32:49.949Z [logs] info: GET en /ecommerce/home/login
2023-12-03T15:32:52.466Z [logs] info: GET en /ecommerce/home/signup
2023-12-03T15:33:10.756Z [logs] info: GET en /ecommerce/home/signup
2023-12-03T15:33:12.266Z [logs] info: GET en /ecommerce/home/login
2023-12-03T15:33:17.768Z [logs] info: GET en /ecommerce/home/login
2023-12-03T15:33:34.753Z [logs] info: GET en /ecommerce/user/recovery
2023-12-03T15:33:58.840Z [logs] info: GET en /ecommerce/home/login
2023-12-03T15:34:44.351Z [logs] info: GET en /ecommerce/home/login
2023-12-03T15:34:46.502Z [logs] info: Ingreso a pagina de Login
2023-12-03T15:34:52.522Z [logs] info: GET en /ecommerce/home/signup
2023-12-03T15:35:09.931Z [logs] info: POST en /ecommerce/user/signup_passport
2023-12-03T15:35:10.246Z [logs] info: GET en /api/sessions/failregister
2023-12-03T15:35:10.368Z [logs] error: Fallo registro del usuario: undefined
2023-12-03T15:37:37.501Z [logs] info: GET en /ecommerce/home/signup
2023-12-03T15:38:00.271Z [logs] info: POST en /ecommerce/user/signup_passport
2023-12-03T15:38:00.640Z [logs] info: Encontro usuario con exito: manuelferere@gmail.com
2023-12-03T15:38:00.641Z [logs] fatal: Error registrando usuario
2023-12-03T15:44:22.767Z [logs] info: GET en /ecommerce/home/signup
2023-12-03T15:44:35.873Z [logs] info: POST en /ecommerce/user/signup_passport
2023-12-03T15:44:36.188Z [logs] info: Correo ya esta registrado manuelferere@gmail.com
2023-12-03T15:44:36.197Z [logs] info: GET en /api/sessions/failregister
2023-12-03T15:44:36.347Z [logs] error: Fallo registro del usuario: undefined
2023-12-03T15:45:29.545Z [logs] info: POST en /ecommerce/user/signup_passport
2023-12-03T15:45:29.881Z [logs] info: Correo ya esta registrado manuelferere@gmail.com
2023-12-03T15:45:29.891Z [logs] info: GET en /api/sessions/failregister
2023-12-03T15:45:30.084Z [logs] error: Fallo registro del usuario: undefined
2023-12-03T15:45:52.400Z [logs] info: POST en /ecommerce/user/signup_passport
2023-12-03T15:45:52.658Z [logs] info: Correo ya esta registrado manuelferere@gmail.com
2023-12-03T15:45:52.666Z [logs] info: GET en /api/sessions/failregister
2023-12-03T15:45:52.793Z [logs] error: Fallo registro del usuario: undefined
2023-12-03T15:47:55.159Z [logs] info: POST en /ecommerce/user/signup_passport
2023-12-03T15:47:55.484Z [logs] error: Correo ya esta registrado manuelferere@gmail.com
2023-12-03T15:47:55.493Z [logs] info: GET en /api/sessions/failregister
2023-12-03T15:47:55.617Z [logs] error: Fallo registro del usuario: undefined
2023-12-03T15:49:32.521Z [logs] info: GET en /api/sessions/failregister
2023-12-03T15:54:28.259Z [logs] info: GET en /ecommerce/home/signup
2023-12-03T15:57:18.690Z [logs] info: POST en /ecommerce/user/signup_passport
2023-12-03T15:57:19.648Z [logs] info: GET en /ecommerce/home/login
2023-12-03T15:57:20.702Z [logs] info: Ingreso a pagina de Login
2023-12-03T15:58:00.165Z [logs] info: POST en /ecommerce/user/login_passport
2023-12-03T15:58:00.738Z [logs] info: Usuario hizo login: manuelferere@gmail.com
2023-12-03T15:58:00.740Z [logs] info: Ingreso usuario administrador/premium
2023-12-03T15:58:00.744Z [logs] info: GET en /ecommerce/user/admin
2023-12-03T15:58:14.047Z [logs] info: GET en /ecommerce/home/logout?
2023-12-03T15:58:14.386Z [logs] info: Usuario hizo logout: manuelferere@gmail.com
2023-12-03T15:58:14.392Z [logs] info: GET en /ecommerce/home/login
2023-12-03T15:58:14.534Z [logs] info: Ingreso a pagina de Login
2023-12-03T16:01:01.557Z [logs] info: GET en /ecommerce/home/signup
2023-12-03T16:01:22.872Z [logs] info: POST en /ecommerce/user/signup_passport
2023-12-03T16:01:23.810Z [logs] info: GET en /ecommerce/home/login
2023-12-03T16:01:24.130Z [logs] info: Ingreso a pagina de Login
2023-12-03T16:01:26.220Z [logs] info: GET en /ecommerce/home/signup
2023-12-03T16:01:46.832Z [logs] info: POST en /ecommerce/user/signup_passport
2023-12-03T16:01:47.671Z [logs] info: GET en /ecommerce/home/login
2023-12-03T16:01:47.993Z [logs] info: Ingreso a pagina de Login
2023-12-03T16:17:20.346Z [logs] info: GET en /ecommerce/home/login
2023-12-03T16:17:20.470Z [logs] info: Ingreso a pagina de Login
2023-12-03T16:17:29.600Z [logs] info: POST en /ecommerce/user/login_passport
2023-12-03T16:17:30.235Z [logs] info: Usuario hizo login: manuelferere@gmail.com
2023-12-03T16:17:30.238Z [logs] info: Ingreso usuario administrador/premium
2023-12-03T16:17:30.242Z [logs] info: GET en /ecommerce/user/admin
2023-12-03T16:23:12.053Z [logs] info: GET en /ecommerce/home/logout?
2023-12-03T16:23:12.295Z [logs] info: Usuario hizo logout: undefined
2023-12-03T16:23:12.302Z [logs] info: GET en /ecommerce/home/login
2023-12-03T16:23:13.377Z [logs] info: Ingreso a pagina de Login
2023-12-03T16:23:14.339Z [logs] info: GET en /ecommerce/home/login
2023-12-03T16:23:14.556Z [logs] info: Ingreso a pagina de Login
2023-12-03T16:23:22.279Z [logs] info: POST en /ecommerce/user/login_passport
2023-12-03T16:23:23.041Z [logs] info: Usuario hizo login: manuelferere@gmail.com
2023-12-03T16:23:23.044Z [logs] info: Ingreso usuario premium
2023-12-03T16:23:23.047Z [logs] info: GET en /ecommerce/user/premium
2023-12-03T16:23:25.993Z [logs] info: GET en /mongo/products/catalog
2023-12-03T16:23:26.338Z [logs] info: GET en /js/indexproducts.js
2023-12-03T16:23:26.947Z [logs] info: obtuvo todos los productos
2023-12-03T16:23:27.099Z [logs] info: obtuvo todos los productos
2023-12-03T16:23:27.534Z [logs] info: Se obtuvo productos del carrito con exito
2023-12-03T16:23:30.306Z [logs] info: GET en /mongo/products/management?
2023-12-03T16:23:34.063Z [logs] info: GET en /mongo/products/management/createproduct?
2023-12-03T16:24:13.643Z [logs] info: POST en /mongo/products/management/create
2023-12-03T16:25:02.754Z [logs] info: GET en /ecommerce/home/logout?
2023-12-03T16:25:02.896Z [logs] info: Usuario hizo logout: undefined
2023-12-03T16:25:02.902Z [logs] info: GET en /ecommerce/home/login
2023-12-03T16:25:03.899Z [logs] info: Ingreso a pagina de Login
2023-12-03T16:25:12.749Z [logs] info: POST en /ecommerce/user/login_passport
2023-12-03T16:25:13.645Z [logs] info: Usuario hizo login: manuelferere@gmail.com
2023-12-03T16:25:13.647Z [logs] info: Ingreso usuario premium
2023-12-03T16:25:13.649Z [logs] info: GET en /ecommerce/user/premium
2023-12-03T16:25:15.496Z [logs] info: GET en /mongo/products/management?
2023-12-03T16:25:17.173Z [logs] info: GET en /mongo/products/management/createproduct?
2023-12-03T16:25:39.880Z [logs] info: POST en /mongo/products/management/create
2023-12-03T16:26:35.282Z [logs] info: POST en /mongo/products/management/create
2023-12-03T16:28:13.766Z [logs] info: GET en /ecommerce/home/logout?
2023-12-03T16:28:13.888Z [logs] info: Usuario hizo logout: undefined
2023-12-03T16:28:13.895Z [logs] info: GET en /ecommerce/home/login
2023-12-03T16:28:14.813Z [logs] info: Ingreso a pagina de Login
2023-12-03T16:28:16.728Z [logs] info: GET en /ecommerce/home/login
2023-12-03T16:28:16.907Z [logs] info: Ingreso a pagina de Login
2023-12-03T16:28:21.198Z [logs] info: POST en /ecommerce/user/login_passport
2023-12-03T16:28:21.779Z [logs] info: Usuario hizo login: manuelferere@gmail.com
2023-12-03T16:28:21.781Z [logs] info: Ingreso usuario premium
2023-12-03T16:28:21.784Z [logs] info: GET en /ecommerce/user/premium
2023-12-03T16:28:23.529Z [logs] info: GET en /mongo/products/management?
2023-12-03T16:28:25.128Z [logs] info: GET en /mongo/products/management/createproduct?
2023-12-03T16:28:47.496Z [logs] info: POST en /mongo/products/management/create
2023-12-03T16:28:47.764Z [logs] info: Se creo el producto correctamente : undefined
2023-12-03T16:28:47.767Z [logs] info: GET en /mongo/products/management
2023-12-03T16:30:26.754Z [logs] info: GET en /ecommerce/home/logout?
2023-12-03T16:30:26.878Z [logs] info: Usuario hizo logout: undefined
2023-12-03T16:30:26.885Z [logs] info: GET en /ecommerce/home/login
2023-12-03T16:30:27.813Z [logs] info: Ingreso a pagina de Login
2023-12-03T16:31:03.601Z [logs] info: POST en /ecommerce/user/login_passport
2023-12-03T16:31:04.313Z [logs] info: Usuario hizo login: manuelferere@gmail.com
2023-12-03T16:31:04.315Z [logs] info: Ingreso usuario premium
2023-12-03T16:31:04.319Z [logs] info: GET en /ecommerce/user/premium
2023-12-03T16:31:07.757Z [logs] info: GET en /mongo/products/management?
2023-12-03T16:31:08.826Z [logs] info: GET en /mongo/products/management/createproduct?
2023-12-03T16:31:34.404Z [logs] info: POST en /mongo/products/management/create
2023-12-03T16:31:34.721Z [logs] info: Se creo el producto correctamente : undefined
2023-12-03T16:31:34.724Z [logs] info: GET en /mongo/products/management
2023-12-03T16:32:23.519Z [logs] info: GET en /ecommerce/home/logout?
2023-12-03T16:32:23.666Z [logs] info: Usuario hizo logout: undefined
2023-12-03T16:32:23.673Z [logs] info: GET en /ecommerce/home/login
2023-12-03T16:32:24.513Z [logs] info: Ingreso a pagina de Login
2023-12-03T16:32:26.034Z [logs] info: GET en /ecommerce/home/login
2023-12-03T16:32:26.238Z [logs] info: Ingreso a pagina de Login
2023-12-03T16:32:33.907Z [logs] info: POST en /ecommerce/user/login_passport
2023-12-03T16:32:34.223Z [logs] info: GET en /api/sessions/failurelogin
2023-12-03T16:32:34.412Z [logs] error: Fallo login del usuario: undefined
2023-12-03T16:32:48.509Z [logs] info: GET en /ecommerce/home/logout?
2023-12-03T16:32:48.670Z [logs] info: Usuario hizo logout: undefined
2023-12-03T16:32:48.677Z [logs] info: GET en /ecommerce/home/login
2023-12-03T16:32:49.514Z [logs] info: Ingreso a pagina de Login
2023-12-03T16:32:55.151Z [logs] info: POST en /ecommerce/user/login_passport
2023-12-03T16:32:55.803Z [logs] info: Usuario hizo login: manuelferere@gmail.com
2023-12-03T16:32:55.805Z [logs] info: Ingreso usuario premium
2023-12-03T16:32:55.808Z [logs] info: GET en /ecommerce/user/premium
2023-12-03T16:32:59.078Z [logs] info: GET en /mongo/products/management?
2023-12-03T16:33:00.803Z [logs] info: GET en /mongo/products/management/createproduct?
2023-12-03T16:33:26.478Z [logs] info: POST en /mongo/products/management/create
2023-12-03T16:33:26.806Z [logs] info: Se creo el producto correctamente : undefined
2023-12-03T16:33:26.809Z [logs] info: GET en /mongo/products/management
2023-12-03T16:36:18.450Z [logs] info: GET en /ecommerce/home/profile?
2023-12-03T16:36:18.566Z [logs] info: usuario ingreso a su perfil: undefined
2023-12-03T16:36:18.569Z [logs] info: GET en /ecommerce/home/login
2023-12-03T16:36:18.705Z [logs] info: Ingreso a pagina de Login
2023-12-03T16:36:25.835Z [logs] info: POST en /ecommerce/user/login_passport
2023-12-03T16:36:26.523Z [logs] info: Usuario hizo login: manuelferere@gmail.com
2023-12-03T16:36:26.524Z [logs] info: Ingreso usuario premium
2023-12-03T16:36:26.527Z [logs] info: GET en /ecommerce/user/premium
2023-12-03T16:36:28.433Z [logs] info: GET en /ecommerce/home/profile?
2023-12-03T16:36:28.670Z [logs] info: usuario ingreso a su perfil: manuelferere@gmail.com
2023-12-03T16:37:31.016Z [logs] info: GET en /ecommerce/home/logout?
2023-12-03T16:37:31.143Z [logs] info: Usuario hizo logout: undefined
2023-12-03T16:37:31.150Z [logs] info: GET en /ecommerce/home/login
2023-12-03T16:37:31.993Z [logs] info: Ingreso a pagina de Login
2023-12-03T16:37:36.325Z [logs] info: POST en /ecommerce/user/login_passport
2023-12-03T16:37:37.111Z [logs] info: Usuario hizo login: manuelferere@gmail.com
2023-12-03T16:37:37.113Z [logs] info: Ingreso usuario premium
2023-12-03T16:37:37.117Z [logs] info: GET en /ecommerce/user/premium
2023-12-03T16:37:38.458Z [logs] info: GET en /mongo/products/management?
2023-12-03T16:38:05.733Z [logs] info: GET en /mongo/products/management/createproduct?
2023-12-03T16:38:21.664Z [logs] info: GET en /ecommerce/home/logout?
2023-12-03T16:38:21.786Z [logs] info: Usuario hizo logout: undefined
2023-12-03T16:38:21.792Z [logs] info: GET en /ecommerce/home/login
2023-12-03T16:38:22.611Z [logs] info: Ingreso a pagina de Login
2023-12-03T16:38:27.875Z [logs] info: POST en /ecommerce/user/login_passport
2023-12-03T16:38:28.522Z [logs] info: Usuario hizo login: manuelferere@gmail.com
2023-12-03T16:38:28.523Z [logs] info: Ingreso usuario premium
2023-12-03T16:38:28.527Z [logs] info: GET en /ecommerce/user/premium
2023-12-03T16:38:30.070Z [logs] info: GET en /mongo/products/management?
2023-12-03T16:38:34.809Z [logs] info: GET en /mongo/products/management/createproduct?
2023-12-03T16:39:26.495Z [logs] info: GET en /ecommerce/home/logout?
2023-12-03T16:39:26.712Z [logs] info: Usuario hizo logout: undefined
2023-12-03T16:39:26.719Z [logs] info: GET en /ecommerce/home/login
2023-12-03T16:39:27.734Z [logs] info: Ingreso a pagina de Login
2023-12-03T16:42:19.567Z [logs] info: GET en /ecommerce/home/login
2023-12-03T16:42:19.759Z [logs] info: Ingreso a pagina de Login
2023-12-03T16:42:36.223Z [logs] info: POST en /ecommerce/user/login_passport
2023-12-03T16:42:37.021Z [logs] info: Usuario hizo login: manuelferere@gmail.com
2023-12-03T16:42:37.022Z [logs] info: Ingreso usuario premium
2023-12-03T16:42:37.026Z [logs] info: GET en /ecommerce/user/premium
2023-12-03T16:42:42.040Z [logs] info: GET en /mongo/products/management?
2023-12-03T16:42:44.308Z [logs] info: GET en /mongo/products/management/createproduct?
2023-12-03T16:43:45.621Z [logs] info: POST en /mongo/products/management/create
2023-12-03T16:43:45.965Z [logs] info: Se creo el producto correctamente : undefined
2023-12-03T16:43:45.968Z [logs] info: GET en /mongo/products/management
2023-12-03T16:50:04.293Z [logs] info: GET en /ecommerce/home/profile?
2023-12-03T16:50:04.438Z [logs] info: usuario ingreso a su perfil: undefined
2023-12-03T16:50:04.441Z [logs] info: GET en /ecommerce/home/login
2023-12-03T16:50:04.592Z [logs] info: Ingreso a pagina de Login
2023-12-03T16:58:30.704Z [logs] info: GET en /ecommerce/home/login
2023-12-03T16:58:30.902Z [logs] info: Ingreso a pagina de Login
2023-12-03T16:58:38.998Z [logs] info: POST en /ecommerce/user/login_passport
2023-12-03T16:58:39.698Z [logs] info: Usuario hizo login: manuelferere@gmail.com
2023-12-03T16:58:39.701Z [logs] info: Ingreso usuario premium
2023-12-03T16:58:39.704Z [logs] info: GET en /ecommerce/user/premium
2023-12-03T17:00:51.906Z [logs] info: GET en /mongo/products/management?
2023-12-03T17:00:57.388Z [logs] info: GET en /ecommerce/home/logout?
2023-12-03T17:00:57.515Z [logs] info: Usuario hizo logout: undefined
2023-12-03T17:00:57.519Z [logs] info: GET en /ecommerce/home/login
2023-12-03T17:00:57.676Z [logs] info: Ingreso a pagina de Login
2023-12-03T17:00:58.434Z [logs] info: GET en /ecommerce/home/login
2023-12-03T17:00:58.563Z [logs] info: Ingreso a pagina de Login
2023-12-03T17:01:03.905Z [logs] info: POST en /ecommerce/user/login_passport
2023-12-03T17:01:04.694Z [logs] info: Usuario hizo login: manuelferere@gmail.com
2023-12-03T17:01:04.695Z [logs] info: Ingreso usuario premium
2023-12-03T17:01:04.698Z [logs] info: GET en /ecommerce/user/premium
2023-12-03T17:01:08.334Z [logs] info: GET en /mongo/products/management?
2023-12-03T17:01:12.276Z [logs] info: GET en /mongo/products/management/createproduct?
2023-12-03T17:04:12.257Z [logs] info: POST en /mongo/products/management/create
2023-12-03T17:05:05.401Z [logs] info: GET en /ecommerce/home/logout?
2023-12-03T17:05:05.529Z [logs] info: Usuario hizo logout: undefined
2023-12-03T17:05:05.536Z [logs] info: GET en /ecommerce/home/login
2023-12-03T17:05:06.709Z [logs] info: Ingreso a pagina de Login
2023-12-03T17:10:59.667Z [logs] info: POST en /ecommerce/user/login_passport
2023-12-03T17:11:00.395Z [logs] info: Usuario hizo login: manuelferere@gmail.com
2023-12-03T17:11:00.397Z [logs] info: Ingreso usuario premium
2023-12-03T17:11:00.400Z [logs] info: GET en /ecommerce/user/premium
2023-12-03T17:11:02.710Z [logs] info: GET en /mongo/products/management?
2023-12-03T17:11:05.771Z [logs] info: GET en /mongo/products/management/createproduct?
2023-12-03T17:11:30.706Z [logs] info: GET en /ecommerce/home/logout?
2023-12-03T17:11:30.931Z [logs] info: Usuario hizo logout: undefined
2023-12-03T17:11:30.935Z [logs] info: GET en /ecommerce/home/login
2023-12-03T17:11:31.065Z [logs] info: Ingreso a pagina de Login
2023-12-03T17:11:35.493Z [logs] info: POST en /ecommerce/user/login_passport
2023-12-03T17:11:36.160Z [logs] info: Usuario hizo login: manuelferere@gmail.com
2023-12-03T17:11:36.161Z [logs] info: Ingreso usuario premium
2023-12-03T17:11:36.164Z [logs] info: GET en /ecommerce/user/premium
2023-12-03T17:11:37.805Z [logs] info: GET en /mongo/products/management?
2023-12-03T17:11:39.221Z [logs] info: GET en /mongo/products/management/createproduct?
2023-12-03T17:12:57.897Z [logs] info: GET en /ecommerce/home/logout?
2023-12-03T17:12:58.043Z [logs] info: Usuario hizo logout: undefined
2023-12-03T17:12:58.047Z [logs] info: GET en /ecommerce/home/login
2023-12-03T17:12:58.283Z [logs] info: Ingreso a pagina de Login
2023-12-03T17:13:04.160Z [logs] info: POST en /ecommerce/user/login_passport
2023-12-03T17:13:04.855Z [logs] info: Usuario hizo login: manuelferere@gmail.com
2023-12-03T17:13:04.856Z [logs] info: Ingreso usuario premium
2023-12-03T17:13:04.859Z [logs] info: GET en /ecommerce/user/premium
2023-12-03T17:13:06.119Z [logs] info: GET en /mongo/products/management?
2023-12-03T17:13:07.196Z [logs] info: GET en /mongo/products/management/createproduct?
2023-12-03T17:14:43.151Z [logs] info: GET en /ecommerce/home/logout?
2023-12-03T17:14:43.465Z [logs] info: Usuario hizo logout: undefined
2023-12-03T17:14:43.468Z [logs] info: GET en /ecommerce/home/login
2023-12-03T17:14:43.599Z [logs] info: Ingreso a pagina de Login
2023-12-03T17:14:51.114Z [logs] info: POST en /ecommerce/user/login_passport
2023-12-03T17:14:51.696Z [logs] info: Usuario hizo login: manuelferere@gmail.com
2023-12-03T17:14:51.698Z [logs] info: Ingreso usuario premium
2023-12-03T17:14:51.701Z [logs] info: GET en /ecommerce/user/premium
2023-12-03T17:14:53.307Z [logs] info: GET en /mongo/products/management?
2023-12-03T17:14:54.307Z [logs] info: GET en /mongo/products/management/createproduct?
2023-12-03T17:15:58.868Z [logs] info: GET en /ecommerce/home/logout?
2023-12-03T17:15:59.021Z [logs] info: Usuario hizo logout: undefined
2023-12-03T17:15:59.028Z [logs] info: GET en /ecommerce/home/login
2023-12-03T17:15:59.882Z [logs] info: Ingreso a pagina de Login
2023-12-03T17:16:07.199Z [logs] info: POST en /ecommerce/user/login_passport
2023-12-03T17:16:07.810Z [logs] info: Usuario hizo login: manuelferere@gmail.com
2023-12-03T17:16:07.812Z [logs] info: Ingreso usuario premium
2023-12-03T17:16:07.815Z [logs] info: GET en /ecommerce/user/premium
2023-12-03T17:16:25.462Z [logs] info: GET en /mongo/products/management?
2023-12-03T17:16:26.869Z [logs] info: GET en /mongo/products/management/createproduct?
2023-12-03T17:16:36.559Z [logs] info: GET en /ecommerce/home/logout?
2023-12-03T17:16:36.704Z [logs] info: Usuario hizo logout: undefined
2023-12-03T17:16:36.707Z [logs] info: GET en /ecommerce/home/login
2023-12-03T17:16:36.866Z [logs] info: Ingreso a pagina de Login
2023-12-03T17:16:38.527Z [logs] info: GET en /ecommerce/home/login
2023-12-03T17:16:38.703Z [logs] info: Ingreso a pagina de Login
2023-12-03T17:16:39.061Z [logs] info: GET en /ecommerce/home/login
2023-12-03T17:16:39.221Z [logs] info: Ingreso a pagina de Login
2023-12-03T17:16:43.846Z [logs] info: POST en /ecommerce/user/login_passport
2023-12-03T17:16:44.460Z [logs] info: Usuario hizo login: manuelferere@gmail.com
2023-12-03T17:16:44.461Z [logs] info: Ingreso usuario premium
2023-12-03T17:16:44.464Z [logs] info: GET en /ecommerce/user/premium
2023-12-03T17:16:46.181Z [logs] info: GET en /mongo/products/management?
2023-12-03T17:16:47.753Z [logs] info: GET en /mongo/products/management/createproduct?
2023-12-03T17:17:11.912Z [logs] info: POST en /mongo/products/management/create
2023-12-03T17:17:29.548Z [logs] info: GET en /ecommerce/home/logout?
2023-12-03T17:17:29.740Z [logs] info: Usuario hizo logout: undefined
2023-12-03T17:17:29.747Z [logs] info: GET en /ecommerce/home/login
2023-12-03T17:17:30.757Z [logs] info: Ingreso a pagina de Login
2023-12-03T17:17:31.486Z [logs] info: GET en /ecommerce/home/login
2023-12-03T17:17:31.643Z [logs] info: Ingreso a pagina de Login
2023-12-03T17:17:31.784Z [logs] info: GET en /ecommerce/home/login
2023-12-03T17:17:31.925Z [logs] info: Ingreso a pagina de Login
2023-12-03T17:17:37.711Z [logs] info: POST en /ecommerce/user/login_passport
2023-12-03T17:17:38.548Z [logs] info: Usuario hizo login: manuelferere@gmail.com
2023-12-03T17:17:38.550Z [logs] info: Ingreso usuario premium
2023-12-03T17:17:38.555Z [logs] info: GET en /ecommerce/user/premium
2023-12-03T17:17:40.155Z [logs] info: GET en /mongo/products/management?
2023-12-03T17:17:41.931Z [logs] info: GET en /mongo/products/management/createproduct?
2023-12-03T17:19:25.333Z [logs] info: POST en /mongo/products/management/create
2023-12-03T17:19:25.735Z [logs] info: Se creo el producto correctamente : undefined
2023-12-03T17:19:25.739Z [logs] info: GET en /mongo/products/management
2023-12-03T17:31:54.679Z [logs] info: GET en /ecommerce/home/logout?
2023-12-03T17:31:54.878Z [logs] info: Usuario hizo logout: undefined
2023-12-03T17:31:54.886Z [logs] info: GET en /ecommerce/home/login
2023-12-03T17:31:55.732Z [logs] info: Ingreso a pagina de Login
2023-12-03T17:31:57.484Z [logs] info: GET en /ecommerce/home/login
2023-12-03T17:31:57.602Z [logs] info: Ingreso a pagina de Login
2023-12-03T17:32:03.202Z [logs] info: POST en /ecommerce/user/login_passport
2023-12-03T17:32:03.855Z [logs] info: Usuario hizo login: manuelferere@gmail.com
2023-12-03T17:32:03.856Z [logs] info: Ingreso usuario premium
2023-12-03T17:32:03.860Z [logs] info: GET en /ecommerce/user/premium
2023-12-03T17:32:07.141Z [logs] info: GET en /mongo/products/management?
2023-12-03T17:32:08.825Z [logs] info: GET en /mongo/products/management/deleteproduct?
2023-12-03T17:32:43.358Z [logs] info: GET en /mongo/products/management/delete?idproduct=656cb89da92796c12c6b7cc6&owner=manuelferere%40gmail.com
2023-12-03T17:35:26.910Z [logs] info: GET en /ecommerce/home/logout?
2023-12-03T17:35:27.038Z [logs] info: Usuario hizo logout: undefined
2023-12-03T17:35:27.046Z [logs] info: GET en /ecommerce/home/login
2023-12-03T17:35:27.918Z [logs] info: Ingreso a pagina de Login
2023-12-03T17:35:29.494Z [logs] info: GET en /ecommerce/home/login
2023-12-03T17:35:29.646Z [logs] info: Ingreso a pagina de Login
2023-12-03T17:35:34.439Z [logs] info: POST en /ecommerce/user/login_passport
2023-12-03T17:35:35.099Z [logs] info: Usuario hizo login: manuelferere@gmail.com
2023-12-03T17:35:35.101Z [logs] info: Ingreso usuario premium
2023-12-03T17:35:35.105Z [logs] info: GET en /ecommerce/user/premium
2023-12-03T17:35:36.257Z [logs] info: GET en /mongo/products/management?
2023-12-03T17:35:37.513Z [logs] info: GET en /mongo/products/management/deleteproduct?
2023-12-03T17:35:52.940Z [logs] info: POST en /mongo/products/management/delete
2023-12-03T17:35:53.070Z [logs] info: Se elimino el producto correctamente : undefinedundefined
2023-12-03T17:37:05.726Z [logs] info: POST en /mongo/products/management/delete
2023-12-03T17:37:07.721Z [logs] info: Se elimino el producto correctamente : undefinedundefined
2023-12-03T17:37:10.214Z [logs] info: GET en /ecommerce/home/logout?
2023-12-03T17:37:10.397Z [logs] info: Usuario hizo logout: undefined
2023-12-03T17:37:10.405Z [logs] info: GET en /ecommerce/home/login
2023-12-03T17:37:11.177Z [logs] info: Ingreso a pagina de Login
2023-12-03T17:37:16.112Z [logs] info: POST en /ecommerce/user/login_passport
2023-12-03T17:37:16.423Z [logs] info: GET en /api/sessions/failurelogin
2023-12-03T17:37:16.576Z [logs] error: Fallo login del usuario: undefined
2023-12-03T17:37:24.382Z [logs] info: GET en /ecommerce/home/login
2023-12-03T17:37:26.272Z [logs] info: Ingreso a pagina de Login
2023-12-03T17:37:28.227Z [logs] info: GET en /ecommerce/home/login
2023-12-03T17:37:28.391Z [logs] info: Ingreso a pagina de Login
2023-12-03T17:37:33.072Z [logs] info: POST en /ecommerce/user/login_passport
2023-12-03T17:37:33.842Z [logs] info: Usuario hizo login: manuelferere@gmail.com
2023-12-03T17:37:33.846Z [logs] info: Ingreso usuario premium
2023-12-03T17:37:33.850Z [logs] info: GET en /ecommerce/user/premium
2023-12-03T17:37:36.434Z [logs] info: GET en /mongo/products/management?
2023-12-03T17:37:38.180Z [logs] info: GET en /mongo/products/management/deleteproduct?
2023-12-03T17:38:04.600Z [logs] info: POST en /mongo/products/management/delete
2023-12-03T17:38:04.794Z [logs] info: Se elimino el producto correctamente : undefinedundefined
2023-12-03T17:40:03.919Z [logs] info: POST en /mongo/products/management/delete
2023-12-03T17:40:06.647Z [logs] info: Se elimino el producto correctamente : manuelferere@gmail.com656cb89da92796c12c6b7cc6
2023-12-03T17:41:54.317Z [logs] info: GET en /ecommerce/home/logout?
2023-12-03T17:41:54.456Z [logs] info: Usuario hizo logout: undefined
2023-12-03T17:41:54.463Z [logs] info: GET en /ecommerce/home/login
2023-12-03T17:41:55.386Z [logs] info: Ingreso a pagina de Login
2023-12-03T18:24:39.791Z [logs] info: GET en /ecommerce/home/login
2023-12-03T18:24:39.917Z [logs] info: Ingreso a pagina de Login
2023-12-03T18:24:46.616Z [logs] info: POST en /ecommerce/user/login_passport
2023-12-03T18:24:47.308Z [logs] info: Usuario hizo login: liamferere@gmail.com
2023-12-03T18:24:47.312Z [logs] info: Ingreso usuario premium
2023-12-03T18:24:47.317Z [logs] info: GET en /ecommerce/user/premium
2023-12-03T18:24:56.370Z [logs] info: GET en /ecommerce/user/rol?
2023-12-03T18:24:56.882Z [logs] info: Se cambio rol del usuario con exito: liamferere@gmail.com
2023-12-03T18:25:22.227Z [logs] info: GET en /ecommerce/home/logout?
2023-12-03T18:25:22.412Z [logs] info: Usuario hizo logout: undefined
2023-12-03T18:25:22.418Z [logs] info: GET en /ecommerce/home/login
2023-12-03T18:25:22.574Z [logs] info: Ingreso a pagina de Login
2023-12-03T18:25:27.002Z [logs] info: POST en /ecommerce/user/login_passport
2023-12-03T18:25:27.434Z [logs] info: GET en /api/sessions/failurelogin
2023-12-03T18:25:27.623Z [logs] error: Fallo login del usuario: undefined
2023-12-03T18:25:48.012Z [logs] info: POST en /ecommerce/user/login_passport
2023-12-03T18:25:48.369Z [logs] info: GET en /api/sessions/failurelogin
2023-12-03T18:25:48.554Z [logs] error: Fallo login del usuario: undefined
2023-12-03T18:26:22.631Z [logs] info: POST en /ecommerce/user/login_passport
2023-12-03T18:26:23.258Z [logs] info: Usuario hizo login: liamferere@gmail.com
2023-12-03T18:30:25.392Z [logs] info: GET en /ecommerce/home/login
2023-12-03T18:30:25.540Z [logs] info: Ingreso a pagina de Login
2023-12-03T18:30:31.412Z [logs] info: POST en /ecommerce/user/login_passport
2023-12-03T18:30:32.265Z [logs] info: Usuario hizo login: liamferere@gmail.com
2023-12-03T18:32:40.907Z [logs] info: GET en /ecommerce/home/login
2023-12-03T18:32:43.262Z [logs] info: Ingreso a pagina de Login
2023-12-03T18:32:50.596Z [logs] info: POST en /ecommerce/user/login_passport
2023-12-03T18:32:51.154Z [logs] info: Usuario hizo login: liamferere@gmail.com
2023-12-03T18:35:40.535Z [logs] info: GET en /ecommerce/home/login
2023-12-03T18:35:40.660Z [logs] info: Ingreso a pagina de Login
2023-12-03T18:35:42.644Z [logs] info: GET en /ecommerce/home/logout?
2023-12-03T18:35:42.765Z [logs] info: Usuario hizo logout: undefined
2023-12-03T18:35:42.774Z [logs] info: GET en /ecommerce/home/login
2023-12-03T18:35:43.698Z [logs] info: Ingreso a pagina de Login
2023-12-03T18:35:48.742Z [logs] info: POST en /ecommerce/user/login_passport
2023-12-03T18:35:49.350Z [logs] info: Usuario hizo login: manuelferere@gmail.com
2023-12-03T18:35:49.353Z [logs] info: Ingreso usuario premium
2023-12-03T18:35:49.358Z [logs] info: GET en /ecommerce/user/premium
2023-12-03T18:36:54.716Z [logs] info: GET en /ecommerce/home/logout?
2023-12-03T18:36:54.841Z [logs] info: Usuario hizo logout: undefined
2023-12-03T18:36:54.851Z [logs] info: GET en /ecommerce/home/login
2023-12-03T18:36:55.825Z [logs] info: Ingreso a pagina de Login
2023-12-03T18:37:01.862Z [logs] info: POST en /ecommerce/user/login_passport
2023-12-03T18:37:02.187Z [logs] info: GET en /api/sessions/failurelogin
2023-12-03T18:37:02.323Z [logs] error: Fallo login del usuario: undefined
2023-12-03T18:37:25.567Z [logs] info: GET en /ecommerce/home/login
2023-12-03T18:37:25.714Z [logs] info: Ingreso a pagina de Login
2023-12-03T18:37:32.816Z [logs] info: POST en /ecommerce/user/login_passport
2023-12-03T18:37:33.517Z [logs] info: Usuario hizo login: liamferere@gmail.com
2023-12-03T18:38:31.996Z [logs] info: POST en /ecommerce/user/login_passport
2023-12-03T18:38:32.639Z [logs] info: Usuario hizo login: liamferere@gmail.com
2023-12-03T18:38:43.414Z [logs] info: GET en /ecommerce/user/user
2023-12-03T18:39:18.511Z [logs] info: GET en /ecommerce/home/logout?
2023-12-03T18:39:18.656Z [logs] info: Usuario hizo logout: undefined
2023-12-03T18:39:18.664Z [logs] info: GET en /ecommerce/home/login
2023-12-03T18:39:19.631Z [logs] info: Ingreso a pagina de Login
2023-12-03T18:39:20.788Z [logs] info: GET en /ecommerce/home/login
2023-12-03T18:39:20.916Z [logs] info: Ingreso a pagina de Login
2023-12-03T18:39:27.349Z [logs] info: POST en /ecommerce/user/login_passport
2023-12-03T18:39:28.104Z [logs] info: Usuario hizo login: liamferere@gmail.com
2023-12-03T18:40:28.012Z [logs] info: GET en /ecommerce/home/login
2023-12-03T18:40:28.138Z [logs] info: Ingreso a pagina de Login
2023-12-03T18:40:34.282Z [logs] info: POST en /ecommerce/user/login_passport
2023-12-03T18:40:34.885Z [logs] info: Usuario hizo login: liamferere@gmail.com
2023-12-03T18:41:17.986Z [logs] info: GET en /ecommerce/user/user
2023-12-03T18:45:18.052Z [logs] info: GET en /ecommerce/home/login
2023-12-03T18:45:18.174Z [logs] info: Ingreso a pagina de Login
2023-12-03T18:45:24.804Z [logs] info: POST en /ecommerce/user/login_passport
2023-12-03T18:45:25.521Z [logs] info: Usuario hizo login: adminCoder@coder.com
2023-12-03T18:45:25.524Z [logs] info: Ingreso usuario administrador
2023-12-03T18:45:25.530Z [logs] info: GET en /ecommerce/user/admin
2023-12-03T18:45:32.632Z [logs] info: GET en /ecommerce/home/logout?
2023-12-03T18:45:32.963Z [logs] info: Usuario hizo logout: adminCoder@coder.com
2023-12-03T18:45:32.969Z [logs] info: GET en /ecommerce/home/login
2023-12-03T18:45:33.092Z [logs] info: Ingreso a pagina de Login
2023-12-03T18:45:42.472Z [logs] info: POST en /ecommerce/user/login_passport
2023-12-03T18:45:43.142Z [logs] info: Usuario hizo login: davidferere@gmail.com
2023-12-03T18:46:26.227Z [logs] info: GET en /ecommerce/user/user
2023-12-03T18:47:08.724Z [logs] info: GET en /ecommerce/home/login
2023-12-03T18:47:08.846Z [logs] info: Ingreso a pagina de Login
2023-12-03T18:48:41.607Z [logs] info: POST en /ecommerce/user/login_passport
2023-12-03T18:48:42.197Z [logs] info: Usuario hizo login: liamferere@gmail.com
2023-12-03T18:49:19.847Z [logs] info: GET en /ecommerce/home/login
2023-12-03T18:49:19.979Z [logs] info: Ingreso a pagina de Login
2023-12-03T18:49:25.931Z [logs] info: POST en /ecommerce/user/login_passport
2023-12-03T18:49:26.621Z [logs] info: Usuario hizo login: adminCoder@coder.com
2023-12-03T18:49:26.625Z [logs] info: Ingreso usuario administrador
2023-12-03T18:49:26.630Z [logs] info: GET en /ecommerce/user/admin
2023-12-03T18:49:38.486Z [logs] info: GET en /api/sessions/current?
2023-12-03T18:49:45.222Z [logs] info: GET en /mongo/products/management?
2023-12-03T18:49:47.870Z [logs] info: GET en /ecommerce/home/logout?
2023-12-03T18:49:48.118Z [logs] info: Usuario hizo logout: adminCoder@coder.com
2023-12-03T18:49:48.123Z [logs] info: GET en /ecommerce/home/login
2023-12-03T18:49:48.248Z [logs] info: Ingreso a pagina de Login
2023-12-03T18:51:51.234Z [logs] info: POST en /ecommerce/user/login_passport
2023-12-03T18:51:51.922Z [logs] info: Usuario hizo login: liamferere@gmail.com
2023-12-03T18:53:33.645Z [logs] info: GET en /ecommerce/home/login
2023-12-03T18:53:33.810Z [logs] info: Ingreso a pagina de Login
2023-12-03T18:53:39.239Z [logs] info: POST en /ecommerce/user/login_passport
2023-12-03T18:53:39.800Z [logs] info: Usuario hizo login: liamferere@gmail.com
2023-12-03T18:54:44.405Z [logs] info: GET en /ecommerce/home/login
2023-12-03T18:54:44.957Z [logs] info: Ingreso a pagina de Login
2023-12-03T18:54:50.923Z [logs] info: POST en /ecommerce/user/login_passport
2023-12-03T18:54:51.665Z [logs] info: Usuario hizo login: liamferere@gmail.com
2023-12-03T18:58:15.124Z [logs] info: GET en /ecommerce/home/login
2023-12-03T18:58:15.267Z [logs] info: Ingreso a pagina de Login
2023-12-03T18:58:21.106Z [logs] info: POST en /ecommerce/user/login_passport
2023-12-03T18:58:21.712Z [logs] info: Usuario hizo login: liamferere@gmail.com
2023-12-03T19:01:09.699Z [logs] info: GET en /ecommerce/home/login
2023-12-03T19:01:09.881Z [logs] info: Ingreso a pagina de Login
2023-12-03T19:01:15.505Z [logs] info: POST en /ecommerce/user/login_passport
2023-12-03T19:01:16.126Z [logs] info: Usuario hizo login: liamferere@gmail.com
2023-12-03T19:02:42.199Z [logs] info: GET en /ecommerce/home/login
2023-12-03T19:02:42.327Z [logs] info: Ingreso a pagina de Login
2023-12-03T19:02:48.114Z [logs] info: POST en /ecommerce/user/login_passport
2023-12-03T19:02:48.738Z [logs] info: Usuario hizo login: liamferere@gmail.com
2023-12-03T19:03:31.907Z [logs] info: GET en /ecommerce/user/user
2023-12-03T19:07:33.650Z [logs] info: GET en /ecommerce/home/login
2023-12-03T19:07:35.268Z [logs] info: Ingreso a pagina de Login
2023-12-03T19:07:39.978Z [logs] info: POST en /ecommerce/user/login_passport
2023-12-03T19:07:40.594Z [logs] info: Usuario hizo login: liamferere@gmail.com
2023-12-03T19:08:58.666Z [logs] info: GET en /ecommerce/home/login
2023-12-03T19:08:58.823Z [logs] info: Ingreso a pagina de Login
2023-12-03T19:09:05.983Z [logs] info: POST en /ecommerce/user/login_passport
2023-12-03T19:09:06.801Z [logs] info: Usuario hizo login: adminCoder@coder.com
2023-12-03T19:09:06.804Z [logs] info: Ingreso usuario administrador
2023-12-03T19:09:06.811Z [logs] info: GET en /ecommerce/user/admin
2023-12-03T19:09:12.003Z [logs] info: GET en /ecommerce/home/logout?
2023-12-03T19:09:12.263Z [logs] info: Usuario hizo logout: adminCoder@coder.com
2023-12-03T19:09:12.268Z [logs] info: GET en /ecommerce/home/login
2023-12-03T19:09:12.471Z [logs] info: Ingreso a pagina de Login
2023-12-03T19:09:18.582Z [logs] info: POST en /ecommerce/user/login_passport
2023-12-03T19:09:19.311Z [logs] info: Usuario hizo login: liamferere@gmail.com
2023-12-03T19:09:19.312Z [logs] info: Ingreso usuario
2023-12-03T19:09:19.316Z [logs] info: GET en /ecommerce/user/user
2023-12-03T19:09:19.600Z [logs] info: Entre a /user
2023-12-03T19:09:53.142Z [logs] info: GET en /ecommerce/home/logout?
2023-12-03T19:09:53.268Z [logs] info: Usuario hizo logout: undefined
2023-12-03T19:09:53.277Z [logs] info: GET en /ecommerce/home/login
2023-12-03T19:09:54.205Z [logs] info: Ingreso a pagina de Login
2023-12-03T19:09:59.397Z [logs] info: POST en /ecommerce/user/login_passport
2023-12-03T19:09:59.986Z [logs] info: Usuario hizo login: liamferere@gmail.com
2023-12-03T19:09:59.989Z [logs] info: Ingreso usuario
2023-12-03T19:09:59.995Z [logs] info: GET en /ecommerce/user/user
2023-12-03T19:10:00.315Z [logs] info: Entre a /user
2023-12-03T19:10:06.146Z [logs] info: GET en /ecommerce/user/rol?
2023-12-03T19:10:06.745Z [logs] info: Se cambio rol del usuario con exito: liamferere@gmail.com
2023-12-03T19:10:08.843Z [logs] info: GET en /ecommerce/home/logout?
2023-12-03T19:10:09.280Z [logs] info: Usuario hizo logout: liamferere@gmail.com
2023-12-03T19:10:09.285Z [logs] info: GET en /ecommerce/home/login
2023-12-03T19:10:09.433Z [logs] info: Ingreso a pagina de Login
2023-12-03T19:10:14.746Z [logs] info: POST en /ecommerce/user/login_passport
2023-12-03T19:10:15.456Z [logs] info: Usuario hizo login: liamferere@gmail.com
2023-12-03T19:10:15.457Z [logs] info: Ingreso usuario premium
2023-12-03T19:10:15.462Z [logs] info: GET en /ecommerce/user/premium
2023-12-03T19:10:19.098Z [logs] info: GET en /ecommerce/user/rol?
2023-12-03T19:10:19.615Z [logs] info: Se cambio rol del usuario con exito: liamferere@gmail.com
2023-12-03T19:10:21.474Z [logs] info: GET en /ecommerce/home/logout?
2023-12-03T19:10:21.815Z [logs] info: Usuario hizo logout: liamferere@gmail.com
2023-12-03T19:10:21.820Z [logs] info: GET en /ecommerce/home/login
2023-12-03T19:10:22.064Z [logs] info: Ingreso a pagina de Login
2023-12-03T19:10:22.065Z [logs] info: usuario ya estaba logueado
2023-12-03T19:10:22.069Z [logs] info: GET en /ecommerce/home/profile
2023-12-03T19:10:22.225Z [logs] info: usuario ingreso a su perfil: undefined
2023-12-03T19:10:22.232Z [logs] info: GET en /ecommerce/home/login
2023-12-03T19:10:22.379Z [logs] info: Ingreso a pagina de Login
2023-12-03T19:10:30.373Z [logs] info: POST en /ecommerce/user/login_passport
2023-12-03T19:10:31.186Z [logs] info: Usuario hizo login: liamferere@gmail.com
2023-12-03T19:10:31.187Z [logs] info: Ingreso usuario
2023-12-03T19:10:31.191Z [logs] info: GET en /ecommerce/user/user
2023-12-03T19:10:31.853Z [logs] info: Entre a /user
2023-12-03T19:26:56.885Z [logs] info: GET en /ecommerce/home/logout?
2023-12-03T19:26:58.421Z [logs] info: Usuario hizo logout: undefined
2023-12-03T19:26:58.431Z [logs] info: GET en /ecommerce/home/login
2023-12-03T19:26:59.253Z [logs] info: Ingreso a pagina de Login
2023-12-11T14:54:22.813Z [logs] info: GET en /ecommerce/home/login
2023-12-11T14:54:22.821Z [logs] info: Ingreso a pagina de Login
2023-12-11T14:54:22.889Z [logs] info: GET en /favicon.ico
2023-12-11T14:54:29.378Z [logs] info: GET en /ecommerce/apidocs
2023-12-11T22:20:07.034Z [logs] info: GET en /mongo/products
2023-12-11T22:20:07.146Z [logs] info: se obtuvo productos con paginacion
2023-12-11T22:35:52.786Z [logs] info: GET en /mongo/products
2023-12-11T22:35:52.873Z [logs] info: se obtuvo productos con paginacion
2023-12-11T22:39:11.882Z [logs] info: GET en /mongo/products/catalog
2023-12-11T22:40:57.899Z [logs] info: GET en /mongo/products/mockingproducts
2023-12-11T22:49:13.064Z [logs] info: GET en /mongo/products/mockingproducts
2023-12-12T00:04:09.495Z [logs] info: GET en /ecommerce/home/login
2023-12-12T00:04:09.500Z [logs] info: Ingreso a pagina de Login
2023-12-12T00:04:09.611Z [logs] info: GET en /favicon.ico
2023-12-12T00:04:17.243Z [logs] info: POST en /ecommerce/user/login_passport
2023-12-12T00:04:17.573Z [logs] info: Usuario hizo login: adminCoder@coder.com
2023-12-12T00:04:17.576Z [logs] info: Ingreso usuario administrador
2023-12-12T00:04:17.582Z [logs] info: GET en /ecommerce/user/admin
2023-12-12T00:04:20.529Z [logs] info: GET en /mongo/products/management?
2023-12-12T00:04:22.031Z [logs] info: GET en /mongo/products/management/updateproduct?
2023-12-12T00:18:41.211Z [logs] info: GET en /mongo/products/management/deleteproduct?
2023-12-12T00:34:45.932Z [logs] info: GET en /mongo/products/management/createproduct?
2023-12-12T00:43:30.839Z [logs] info: POST en /mongo/products/management/create
2023-12-12T00:43:31.040Z [logs] info: Se creo el producto correctamente : undefined
2023-12-12T00:43:31.045Z [logs] info: GET en /mongo/products/management
2023-12-12T01:00:41.295Z [logs] info: GET en /ecommerce/home/logout?
2023-12-12T01:00:41.882Z [logs] info: Usuario hizo logout: undefined
2023-12-12T01:00:41.889Z [logs] info: GET en /ecommerce/home/login
2023-12-12T01:00:42.468Z [logs] info: Ingreso a pagina de Login
2023-12-12T01:00:51.757Z [logs] info: POST en /ecommerce/user/login_passport
2023-12-12T01:00:52.429Z [logs] info: GET en /api/sessions/failurelogin
2023-12-12T01:00:52.515Z [logs] error: Fallo login del usuario: undefined
2023-12-12T01:01:16.480Z [logs] info: POST en /ecommerce/user/login_passport
2023-12-12T01:01:16.855Z [logs] info: Usuario hizo login: davidferere@gmail.com
2023-12-12T01:01:16.860Z [logs] info: Ingreso usuario
2023-12-12T01:01:16.865Z [logs] info: GET en /ecommerce/user/user
2023-12-12T01:01:17.562Z [logs] info: Entre a /user
2023-12-12T01:52:02.371Z [logs] info: DELETE en /mongo/carts/delete/650f89e3e54b1d6f36e4cc5d
2023-12-12T01:54:12.167Z [logs] info: DELETE en /mongo/carts/delete/650f89e3e54b1d6f36e4cc5d
2023-12-12T01:58:31.024Z [logs] info: DELETE en /mongo/carts/delete/650f89e3e54b1d6f36e4cc5d
2023-12-12T01:58:31.215Z [logs] info: Se elimino carrito
2023-12-12T02:02:12.657Z [logs] info: POST en /mongo/carts/create
2023-12-12T02:02:56.152Z [logs] info: POST en /mongo/carts/create
2023-12-12T02:02:56.380Z [logs] info: se creo carrito con exito
